              1       -7.39909       -7.39909              0
              2       -7.46287       -7.43098      0.0318883
              3        -7.5712       -7.47772      0.0502347
              4       -7.75862       -7.54794      0.0786973
              5         -7.515       -7.54135      0.0613138
              6       -7.48817       -7.53249      0.0508411
              7       -7.52428       -7.53132      0.0429845
              8       -7.56902       -7.53603      0.0375228
              9       -7.57988        -7.5409      0.0334488
             10       -7.54223       -7.54103      0.0299178
             11       -7.51114       -7.53832      0.0271977
             12       -7.60576       -7.54394      0.0254562
             13       -7.47766       -7.53884      0.0239649
             14       -7.57856       -7.54168      0.0223678
             15       -7.57962       -7.54421      0.0209764
             16       -7.58155       -7.54654      0.0197599
             17       -7.59619       -7.54946      0.0187896
             18       -7.51344       -7.54746      0.0178276
             19       -7.52931        -7.5465      0.0168903
             20       -7.63782       -7.55107      0.0166613
             21       -7.55953       -7.55147      0.0158532
             22       -7.49255       -7.54879      0.0153509
             23       -7.53772       -7.54831      0.0146762
             24        -7.6548       -7.55275      0.0147353
             25       -7.61187       -7.55511      0.0143301
             26       -7.45452       -7.55125      0.0143011
             27       -7.48128       -7.54865      0.0140032
             28       -7.61012       -7.55085      0.0136712
             29       -7.55769       -7.55109      0.0131934
             30       -7.55712       -7.55129      0.0127477
             31       -7.56355       -7.55168      0.0123359
             32       -7.61866       -7.55378      0.0121262
             33        -7.5638       -7.55408      0.0117569
             34        -7.4561        -7.5512      0.0117643
             35       -7.51029       -7.55003      0.0114829
             36       -7.54845       -7.54998      0.0111594
             37       -7.63012       -7.55215      0.0110676
             38       -7.54441       -7.55195      0.0107743
             39       -7.55826       -7.55211      0.0104957
             40       -7.61535       -7.55369      0.0103514
             41       -7.44685       -7.55108      0.0104267
             42        -7.5963       -7.55216      0.0102322
             43       -7.47532       -7.55037      0.0101499
             44       -7.54754       -7.55031     0.00991675
             45       -7.57847       -7.55093     0.00971405
             46       -7.57598       -7.55148     0.00951611
             47       -7.60072       -7.55253     0.00937019
             48       -7.52846       -7.55203     0.00918659
             49       -7.50269       -7.55102     0.00905331
             50       -7.57453       -7.55149     0.00888285
             51       -7.52334       -7.55094     0.00872441
             52       -7.48441       -7.54966     0.00865012
             53       -7.62432       -7.55107     0.00860147
             54       -7.60242       -7.55202     0.00849408
             55       -7.56712       -7.55229     0.00834274
             56       -7.44964       -7.55046     0.00839496
             57       -7.55787       -7.55059     0.00824739
             58        -7.5221        -7.5501     0.00811882
             59       -7.64674       -7.55174     0.00814641
             60       -7.63382        -7.5531     0.00812549
             61       -7.50362       -7.55229     0.00803225
             62       -7.49105       -7.55131     0.00796313
             63       -7.55597       -7.55138     0.00783607
             64       -7.55215       -7.55139     0.00771266
             65        -7.5667       -7.55163     0.00759673
             66        -7.5616       -7.55178     0.00748227
             67       -7.60682        -7.5526     0.00741539
             68       -7.52702       -7.55222     0.00731521
             69       -7.56234       -7.55237      0.0072099
             70       -7.55298       -7.55238     0.00710616
             71       -7.51662       -7.55187     0.00702344
             72       -7.57481       -7.55219     0.00693253
             73       -7.56495       -7.55237     0.00683913
             74       -7.55798       -7.55244     0.00674651
             75       -7.57325       -7.55272     0.00666172
             76       -7.54617       -7.55264     0.00657405
             77       -7.59824       -7.55323     0.00651509
             78       -7.58554       -7.55364     0.00644436
             79       -7.50748       -7.55306     0.00638904
             80       -7.56574       -7.55322     0.00631066
             81       -7.51397       -7.55273     0.00625107
             82       -7.57525       -7.55301     0.00618047
             83       -7.57745        -7.5533     0.00611265
             84       -7.57031        -7.5535     0.00604284
             85       -7.54342       -7.55338      0.0059725
             86       -7.56746       -7.55355     0.00590492
             87       -7.56447       -7.55367       0.005838
             88       -7.57647       -7.55393     0.00577709
             89       -7.48375       -7.55314     0.00576598
             90       -7.63387       -7.55404     0.00577168
             91         -7.575       -7.55427     0.00571255
             92       -7.47716       -7.55343     0.00571195
             93       -7.51912       -7.55306     0.00566223
             94       -7.57997       -7.55335     0.00560898
             95       -7.57941       -7.55362      0.0055564
             96       -7.53059       -7.55338     0.00550345
             97       -7.52828       -7.55313     0.00545256
             98       -7.61645       -7.55377     0.00543518
             99        -7.4914       -7.55314     0.00541677
            100       -7.60949       -7.55371     0.00539185
