      0.0323165                   0                   0
      0.0969496                   0                   0
       0.161583                   0                   0
       0.226216                   0                   0
       0.290849                   0                   0
       0.355482                   0                   0
       0.420115                   0                   0
       0.484748                   0                   0
       0.549381                   0                   0
       0.614014                   0                   0
       0.678647                   0                   0
        0.74328                   0                   0
       0.807913                   0                   0
       0.872546             2.06833            0.542006
       0.937179             976.736             50.6107
        1.00181             5225.99             320.194
        1.06645             7095.04             427.592
        1.13108             6650.33             402.817
        1.19571             6268.08             409.296
        1.26034             5174.98             317.435
        1.32498              4921.2             302.662
        1.38961              4714.5             298.393
        1.45424             4627.25             304.876
        1.51888             4569.73             286.695
        1.58351              4649.5             291.342
        1.64814             4437.83              280.54
        1.71278             4446.07             273.453
        1.77741              4366.1              274.24
        1.84204             4571.09             280.209
        1.90667              4577.9             286.911
        1.97131             4465.95             272.058
        2.03594             4770.48             277.202
        2.10057             4537.22             275.993
        2.16521             4705.78             273.312
        2.22984             4909.63             286.785
        2.29447             4936.51             278.983
        2.35911             4519.46             266.069
        2.42374             4589.04             271.172
        2.48837             4456.74             272.946
        2.55301              4436.6             272.425
        2.61764             4652.55             267.539
        2.68227             4654.23             276.085
         2.7469             4799.04              281.08
        2.81154             4919.94             293.088
        2.87617             4950.06             296.337
         2.9408             5190.32             301.129
        3.00544             5184.36             294.723
        3.07007             5391.45             298.052
         3.1347             5119.21              293.14
        3.19934             5235.45              309.28
        3.26397             5132.31             296.958
         3.3286             5018.93             301.826
        3.39323             4860.48             282.538
        3.45787              4907.2             288.696
         3.5225             4857.67             286.449
        3.58713             4958.65             284.126
        3.65177             4929.72             287.566
         3.7164             4968.38             285.638
        3.78103              4828.4             283.036
        3.84567             4895.83             285.239
         3.9103             4770.86             277.887
        3.97493             4851.42             283.727
        4.03957             4965.92             289.936
         4.1042             4982.55             297.221
        4.16883             5084.75             300.204
        4.23346              5024.2             299.426
         4.2981             4929.06             291.416
        4.36273             4986.12             294.573
        4.42736             4948.52             292.698
          4.492              4998.4             298.787
        4.55663             4898.16             292.028
        4.62126             4986.02             297.271
         4.6859             4803.73             288.043
        4.75053             5022.57             295.966
        4.81516             5235.04             304.449
        4.87979             5105.37             298.245
        4.94443             5136.99             300.669
        5.00906             5062.85              298.33
        5.07369             5011.66             297.137
        5.13833             4881.88              289.23
        5.20296             4916.95             288.841
        5.26759             4880.72             284.679
        5.33223             4916.96              284.45
        5.39686             4925.03             282.537
        5.46149             4999.28             287.504
        5.52612             5111.18             294.356
        5.59076             5165.23             298.068
        5.65539              5093.8             290.674
        5.72002             5084.86             293.148
        5.78466             5169.93              292.26
        5.84929             5171.14             289.612
        5.91392             5053.77             285.664
        5.97856             5022.69             284.589
        6.04319             5058.25             290.686
        6.10782              5052.4             291.276
        6.17246             5016.56             291.152
        6.23709             4987.15             286.455
        6.30172             4918.03              282.37
        6.36635             4920.32             284.204
        6.43099             4879.83             284.827
