              1      -0.128234      -0.128234              0
              2      -0.120632      -0.124433     0.00380121
              3      -0.154589      -0.134485      0.0102888
              4      -0.194959      -0.149603       0.016778
              5      -0.206892      -0.161061      0.0173257
              6      -0.189597      -0.165817      0.0149244
              7      -0.227615      -0.174645       0.015396
              8      -0.254429      -0.184618      0.0166505
              9      -0.269443      -0.194043      0.0174488
             10      -0.271848      -0.201824      0.0174386
             11      -0.286287      -0.209502      0.0175434
             12      -0.303018      -0.217295      0.0178103
             13      -0.304159      -0.223977      0.0176933
             14      -0.280542      -0.228017      0.0168717
             15      -0.310084      -0.233489      0.0166323
             16      -0.314629       -0.23856      0.0163638
             17      -0.309433      -0.242729      0.0159264
             18      -0.286271      -0.245148      0.0152092
             19      -0.334486       -0.24985      0.0151353
             20      -0.320179      -0.253366       0.014783
             21      -0.319262      -0.256504      0.0144073
             22      -0.303575      -0.258644      0.0139024
             23       -0.32605      -0.261574      0.0136037
             24      -0.315104      -0.263805      0.0132141
             25      -0.322967      -0.266171      0.0128936
             26      -0.277104      -0.266592      0.0123949
             27      -0.324343      -0.268731      0.0121172
             28      -0.353364      -0.271753      0.0120614
             29      -0.336584      -0.273989      0.0118508
             30       -0.29872      -0.274813      0.0114786
             31      -0.282002      -0.275045      0.0111046
             32      -0.296966       -0.27573      0.0107737
             33       -0.30559      -0.276635      0.0104813
             34      -0.322306      -0.277978      0.0102567
             35      -0.290482      -0.278336     0.00996573
             36         -0.303      -0.279021     0.00970915
             37      -0.322066      -0.280184     0.00951449
             38      -0.313788      -0.281068     0.00930285
             39      -0.308822       -0.28178     0.00908908
             40      -0.323765       -0.28283      0.0089209
             41      -0.330822         -0.284     0.00877899
             42      -0.298444      -0.284344     0.00857431
             43      -0.361841      -0.286146     0.00856432
             44      -0.355322      -0.287719     0.00851383
             45      -0.348563      -0.289071      0.0084316
             46      -0.323047      -0.289809     0.00827928
             47      -0.288946      -0.289791     0.00810123
             48      -0.331733      -0.290665     0.00797865
             49      -0.307815      -0.291015     0.00782196
             50      -0.327058      -0.291736     0.00769775
             51      -0.309014      -0.292074     0.00755291
             52      -0.308323      -0.292387     0.00741283
             53      -0.323418      -0.292972     0.00729515
             54      -0.324103      -0.293549     0.00718195
             55      -0.327348      -0.294163      0.0070769
             56      -0.307025      -0.294393     0.00695317
             57       -0.36056      -0.295554     0.00692804
             58      -0.313035      -0.295855     0.00681421
             59      -0.319534      -0.296257     0.00670973
             60      -0.359715      -0.297314      0.0066812
             61      -0.344952      -0.298095       0.006617
             62      -0.324204      -0.298516     0.00652301
             63      -0.328151      -0.298987     0.00643585
             64      -0.335669       -0.29956     0.00636037
             65      -0.327986      -0.299997       0.006277
             66      -0.330946      -0.300466     0.00619893
             67       -0.35001      -0.301205     0.00615032
             68      -0.371596      -0.302241     0.00614699
             69      -0.353009      -0.302976     0.00610177
             70      -0.341604      -0.303528     0.00603923
             71      -0.355982      -0.304267     0.00599923
             72      -0.360558      -0.305049     0.00596676
             73      -0.367459      -0.305904     0.00594624
             74      -0.357236      -0.306597     0.00590621
             75      -0.338022      -0.307016     0.00584197
             76      -0.308538      -0.307036     0.00576463
             77       -0.31359      -0.307122     0.00568991
             78       -0.31983      -0.307284     0.00561885
             79       -0.31276      -0.307354      0.0055477
             80      -0.332869      -0.307673     0.00548719
             81       -0.33329      -0.307989     0.00542825
             82       -0.31088      -0.308024     0.00536175
             83      -0.341678       -0.30843     0.00531226
             84      -0.351166      -0.308938     0.00527324
             85      -0.333023      -0.309222     0.00521853
             86      -0.352465      -0.309725     0.00518194
             87      -0.282039      -0.309406     0.00513191
             88      -0.347574       -0.30984     0.00509176
             89      -0.342266      -0.310204     0.00504739
             90      -0.341757      -0.310555     0.00500329
             91      -0.341022       -0.31089     0.00495932
             92      -0.303045      -0.310805     0.00490586
             93      -0.307841      -0.310773     0.00485293
             94      -0.310667      -0.310772     0.00480102
             95       -0.31887      -0.310857     0.00475098
             96      -0.284679      -0.310584     0.00470913
             97      -0.302081      -0.310497     0.00466116
             98      -0.291205        -0.3103     0.00461755
             99      -0.274369      -0.309937     0.00458505
            100      -0.280807      -0.309645     0.00454831
