      0.0323165                   0                   0
      0.0969496                   0                   0
       0.161583                   0                   0
       0.226216                   0                   0
       0.290849                   0                   0
       0.355482                   0                   0
       0.420115                   0                   0
       0.484748                   0                   0
       0.549381                   0                   0
       0.614014                   0                   0
       0.678647                   0                   0
        0.74328                   0                   0
       0.807913                   0                   0
       0.872546             3.47588            0.326574
       0.937179             807.185             44.3843
        1.00181             5301.99             298.299
        1.06645             9495.15             553.737
        1.13108               10802             635.928
        1.19571             9783.62             570.588
        1.26034             8782.99             511.034
        1.32498             7987.68             458.312
        1.38961             7236.76              415.43
        1.45424             6439.07             379.856
        1.51888             6015.77             354.174
        1.58351             5880.66             346.805
        1.64814             5513.13             324.518
        1.71278             5336.48             306.557
        1.77741             5309.82             306.523
        1.84204             5265.53             305.235
        1.90667             5312.48             307.336
        1.97131             5299.13              307.12
        2.03594             5190.22             303.626
        2.10057             5197.88             306.471
        2.16521             5080.95             299.411
        2.22984             5137.58             301.767
        2.29447             5172.47             302.509
        2.35911             5177.75             299.554
        2.42374             5109.67             298.153
        2.48837             5017.18              295.72
        2.55301             5110.83              295.78
        2.61764             5143.09             299.705
        2.68227             5088.99             296.917
         2.7469              5044.2             296.523
        2.81154             5061.52             295.941
        2.87617             5059.02             298.482
         2.9408             5070.57             297.046
        3.00544             4997.76             294.376
        3.07007             5076.19              295.34
         3.1347             5078.77             293.506
        3.19934             4999.39               290.2
        3.26397             5023.64             293.248
         3.3286              5014.9              293.16
        3.39323             5019.42             296.005
        3.45787              4951.4             292.675
         3.5225             4947.27             291.065
        3.58713             4958.98             291.636
        3.65177             4914.48             290.567
         3.7164             4914.22              287.71
        3.78103             4942.63             288.692
        3.84567             4889.76             285.443
         3.9103             4945.55             287.658
        3.97493             4948.95             286.531
        4.03957              5034.2             290.604
         4.1042             5053.79             291.905
        4.16883             5049.25             290.669
        4.23346             4960.39             286.774
         4.2981             4897.91             284.636
        4.36273             4913.27             284.985
        4.42736             4953.81             286.315
          4.492             4941.76             287.626
        4.55663             4971.01             287.333
        4.62126             4982.46             287.101
         4.6859             4954.64             286.498
        4.75053             4964.48             285.485
        4.81516             4978.78             286.597
        4.87979             4957.28             285.783
        4.94443             4907.75             281.685
        5.00906             4943.35             284.389
        5.07369             4899.29             281.056
        5.13833             4878.57             281.896
        5.20296             4915.86             284.081
        5.26759             4896.01             283.788
        5.33223             4902.11             286.042
        5.39686             4925.46             286.409
        5.46149             4905.66             287.644
        5.52612             4946.51             287.718
        5.59076              4950.1              286.35
        5.65539             4928.38             284.384
        5.72002             4959.82             285.838
        5.78466             4930.07             285.735
        5.84929             4902.79             281.444
        5.91392             4912.68             284.114
        5.97856             4900.25             282.768
        6.04319             4867.56             282.335
        6.10782             4852.86             282.368
        6.17246             4862.01             282.448
        6.23709             4905.98             285.458
        6.30172             4905.04             284.645
        6.36635             4923.41             284.022
        6.43099             4902.11             283.005
