      0.0128248                   0                   0
      0.0384745                   0                   0
      0.0641241                   0                   0
      0.0897737                   0                   0
       0.115423                   0                   0
       0.141073                   0                   0
       0.166723                   0                   0
       0.192372                   0                   0
       0.218022                   0                   0
       0.243672                   0                   0
       0.269321                   0                   0
       0.294971                   0                   0
        0.32062                   0                   0
        0.34627                   0                   0
        0.37192                   0                   0
       0.397569                   0                   0
       0.423219                   0                   0
       0.448869                   0                   0
       0.474518                   0                   0
       0.500168                   0                   0
       0.525818                   0                   0
       0.551467                   0                   0
       0.577117                   0                   0
       0.602767                   0                   0
       0.628416                   0                   0
       0.654066                   0                   0
       0.679715                   0                   0
       0.705365                   0                   0
       0.731015                   0                   0
       0.756664                   0                   0
       0.782314                   0                   0
       0.807964                   0                   0
       0.833613                   0                   0
       0.859263                   0                   0
       0.884913              6.9439            0.293269
       0.910562             135.745             7.81008
       0.936212               919.3             52.2209
       0.961861             2962.36             171.487
       0.987511             6186.57              361.44
        1.01316             9476.08             549.846
        1.03881             11637.1             677.913
        1.06446             12657.6              737.81
        1.09011             12649.5             735.207
        1.11576             11987.9             694.662
        1.14141             10926.3             629.858
        1.16706             9786.47             567.326
        1.19271             8677.79             504.072
        1.21836             7773.13             449.711
        1.24401             6911.58             400.647
        1.26966             6234.28             357.371
        1.29531             5559.14             322.574
        1.32096             5036.27              292.89
        1.34661             4675.35             271.401
        1.37226             4371.89             254.651
        1.39791             4118.95             238.865
        1.42355             3845.32              223.81
         1.4492             3713.74              217.04
        1.47485             3582.86             208.182
         1.5005             3470.59             201.174
        1.52615             3390.35             196.183
         1.5518             3376.42             195.996
        1.57745             3375.72             194.729
         1.6031             3408.44             197.449
        1.62875             3483.34             202.257
         1.6544             3549.68             205.577
        1.68005             3622.56             210.236
         1.7057             3797.19             220.061
        1.73135             3944.32              228.42
          1.757             4113.39             238.598
        1.78265              4282.2             249.273
         1.8083             4470.24             260.749
        1.83395             4680.97             272.592
         1.8596             4865.33             284.857
        1.88525             5104.49             297.709
         1.9109             5266.36             305.276
        1.93655             5449.58             315.613
         1.9622             5656.43             328.513
        1.98785             5794.42             336.209
         2.0135             5908.28             342.975
        2.03915             5984.52             346.558
         2.0648             6037.85             350.516
        2.09045             6066.68             351.703
         2.1161             6004.97             348.783
        2.14174              5930.4             344.152
        2.16739             5821.88             337.358
        2.19304             5744.09             332.293
        2.21869             5596.11             323.797
        2.24434             5471.89             316.258
        2.26999             5329.79             308.009
        2.29564              5188.7             299.897
        2.32129             5081.04             294.609
        2.34694             4956.61             288.062
        2.37259             4847.75             281.889
        2.39824             4727.63             275.391
        2.42389             4633.58             269.372
        2.44954             4570.37             265.305
        2.47519             4554.87             264.038
        2.50084             4492.49             261.241
        2.52649             4466.78             258.767
        2.55214             4477.47             259.382
