              1       -7.46754       -7.46754              0
              2       -7.50818       -7.48786      0.0203198
              3       -7.52011       -7.49861      0.0159129
              4       -7.52181       -7.50441      0.0126589
              5       -7.51067       -7.50566      0.0098851
              6       -7.53083       -7.50986     0.00909627
              7       -7.51856        -7.5111     0.00778769
              8       -7.51341       -7.51139     0.00675052
              9       -7.53441       -7.51395     0.00647967
             10       -7.51808       -7.51436     0.00581032
             11        -7.5165       -7.51455     0.00525924
             12       -7.52479       -7.51541     0.00487622
             13        -7.5146       -7.51535     0.00448591
             14       -7.53834       -7.51699     0.00446604
             15       -7.51614       -7.51693     0.00415804
             16        -7.5153       -7.51683     0.00389083
             17       -7.51576       -7.51677     0.00365533
             18       -7.52016       -7.51696     0.00345143
             19       -7.53263       -7.51778      0.0033674
             20       -7.51374       -7.51758     0.00320097
             21       -7.52739       -7.51805     0.00308035
             22       -7.50912       -7.51764     0.00296489
             23       -7.51363       -7.51747     0.00283841
             24       -7.51509       -7.51737     0.00271938
             25       -7.52257       -7.51757     0.00261662
             26       -7.51668       -7.51754      0.0025142
             27       -7.51359       -7.51739     0.00242371
             28        -7.5317        -7.5179     0.00239077
             29       -7.51753       -7.51789     0.00230689
             30       -7.52422        -7.5181     0.00223861
             31       -7.52169       -7.51822     0.00216829
             32       -7.51692       -7.51818     0.00209983
             33       -7.52107       -7.51827     0.00203709
             34       -7.53296        -7.5187     0.00202297
             35       -7.52169       -7.51878     0.00196618
             36       -7.52022       -7.51882      0.0019112
             37       -7.51731       -7.51878     0.00185928
             38       -7.52192       -7.51886     0.00181157
             39       -7.51557       -7.51878     0.00176654
             40       -7.51306       -7.51864     0.00172773
             41       -7.52568       -7.51881     0.00169381
             42       -7.50856       -7.51857     0.00167089
             43       -7.51731       -7.51854     0.00163183
             44        -7.5103       -7.51835     0.00160527
             45       -7.52875       -7.51858     0.00158612
             46       -7.52367       -7.51869      0.0015552
             47        -7.5166       -7.51865      0.0015224
             48       -7.51992       -7.51867     0.00149059
             49       -7.52443       -7.51879     0.00146457
             50       -7.51919        -7.5188       0.001435
             51       -7.52152       -7.51885     0.00140759
             52       -7.51556       -7.51879     0.00138171
             53       -7.52849       -7.51897      0.0013677
             54       -7.51573       -7.51891     0.00134348
             55       -7.52894       -7.51909     0.00133138
             56       -7.51149       -7.51896     0.00131442
             57       -7.51449       -7.51888     0.00129353
             58       -7.52325       -7.51895     0.00127326
             59       -7.53434       -7.51922     0.00127836
             60       -7.49543       -7.51882     0.00131791
             61       -7.52742       -7.51896     0.00130376
             62        -7.5083       -7.51879     0.00129404
             63       -7.52209       -7.51884     0.00127441
             64       -7.51017        -7.5187     0.00126164
             65        -7.5174       -7.51868     0.00124224
             66       -7.51959        -7.5187     0.00122335
             67       -7.52749       -7.51883     0.00121208
             68       -7.50518       -7.51863     0.00121088
             69       -7.52372        -7.5187     0.00119548
             70       -7.51946       -7.51871     0.00117833
             71       -7.51246       -7.51863     0.00116494
             72        -7.5237        -7.5187     0.00115081
             73       -7.52651        -7.5188     0.00113997
             74       -7.52427       -7.51888     0.00112689
             75       -7.52021       -7.51889      0.0011119
             76       -7.51972       -7.51891     0.00109723
             77       -7.51287       -7.51883     0.00108572
             78       -7.52688       -7.51893     0.00107667
             79       -7.50588       -7.51877     0.00107571
             80       -7.52646       -7.51886     0.00106652
             81       -7.51994       -7.51887     0.00105335
             82        -7.5204       -7.51889      0.0010406
             83        -7.5251       -7.51897      0.0010307
             84       -7.50771       -7.51883     0.00102714
             85       -7.53232       -7.51899      0.0010273
             86       -7.51147       -7.51891     0.00101905
             87       -7.52515       -7.51898     0.00100983
             88       -7.51453       -7.51893    0.000999568
             89        -7.5205       -7.51894    0.000988431
             90       -7.51878       -7.51894    0.000977389
             91       -7.51021       -7.51885    0.000971336
             92       -7.51866       -7.51884    0.000960723
             93       -7.51984       -7.51886    0.000950397
             94       -7.52366       -7.51891    0.000941619
             95       -7.51675       -7.51888    0.000931932
             96       -7.53144       -7.51901    0.000931404
             97        -7.5165       -7.51899    0.000922117
             98       -7.51808       -7.51898    0.000912705
             99       -7.52171       -7.51901    0.000903861
            100       -7.51123       -7.51893    0.000898147
