      0.0115332                   0                   0
      0.0345996                   0                   0
      0.0576661                   0                   0
      0.0807325                   0                   0
       0.103799                   0                   0
       0.126865                   0                   0
       0.149932                   0                   0
       0.172998                   0                   0
       0.196065                   0                   0
       0.219131                   0                   0
       0.242198                   0                   0
       0.265264                   0                   0
        0.28833                   0                   0
       0.311397                   0                   0
       0.334463                   0                   0
        0.35753                   0                   0
       0.380596                   0                   0
       0.403663                   0                   0
       0.426729                   0                   0
       0.449795                   0                   0
       0.472862                   0                   0
       0.495928                   0                   0
       0.518995                   0                   0
       0.542061                   0                   0
       0.565128                   0                   0
       0.588194                   0                   0
        0.61126                   0                   0
       0.634327                   0                   0
       0.657393                   0                   0
        0.68046                   0                   0
       0.703526                   0                   0
       0.726593                   0                   0
       0.749659                   0                   0
       0.772725                   0                   0
       0.795792                   0                   0
       0.818858                   0                   0
       0.841925                   0                   0
       0.864991                   0                   0
       0.888058                   0                   0
       0.911124             16.2717             1.10077
        0.93419             216.287             12.1501
       0.957257             1461.23             84.4046
       0.980323              4960.6             288.795
        1.00339             11130.4             642.799
        1.02646             18155.1             1052.41
        1.04952             23291.2             1356.95
        1.07259             24506.4             1430.96
        1.09566             22535.4             1297.88
        1.11872             18395.9             1065.24
        1.14179             13369.3             779.052
        1.16485              8997.5             521.055
        1.18792             5573.96             322.976
        1.21099             3174.34             183.595
        1.23405             1737.27             102.981
        1.25712             926.659             54.2239
        1.28019             475.429              26.444
        1.30325             288.409             15.5764
        1.32632              217.51             12.3969
        1.34939              324.95             17.7318
        1.37245              561.57             33.2493
        1.39552             955.845             55.5208
        1.41859             1597.26             93.2605
        1.44165             2357.86             138.945
        1.46472             3105.32             181.881
        1.48778             3898.85             227.995
        1.51085             4622.68             264.592
        1.53392             4741.68             273.821
        1.55698             4521.01             261.502
        1.58005             3944.68             231.027
        1.60312             3196.67             188.151
        1.62618             2386.34             135.554
        1.64925             1626.64             92.6716
        1.67232             1125.45             64.5015
        1.69538              959.81             56.4931
        1.71845             1297.82             75.1202
        1.74152             2292.67             132.385
        1.76458             3856.18             223.824
        1.78765             5992.15             349.978
        1.81071                8699                 503
        1.83378             11101.4             646.551
        1.85685             12922.2             756.704
        1.87991             13467.7             781.021
        1.90298             12712.1             732.713
        1.92605             10920.9             627.282
        1.94911              8345.6             482.377
        1.97218             5949.56             347.887
        1.99525             4033.67              237.63
        2.01831             2782.65             163.022
        2.04138             2275.72             131.371
        2.06445             2392.05             137.805
        2.08751             3039.44             174.582
        2.11058              3866.3             224.412
        2.13364             4529.91             264.026
        2.15671             4937.42             287.912
        2.17978             4931.84              287.64
        2.20284             4476.54             262.235
        2.22591             3896.79             226.414
        2.24898             3342.16             191.225
        2.27204             3030.31             173.868
        2.29511             3024.56             174.381
