              1       -5.35148       -5.35148              0
              2       -5.39143       -5.37145       0.019976
              3       -5.41262       -5.38518      0.0179244
              4       -5.41285        -5.3921      0.0144401
              5       -5.49348       -5.41237      0.0231571
              6       -5.45997        -5.4203      0.0205043
              7       -5.41586       -5.41967      0.0173409
              8       -5.46775       -5.42568      0.0161755
              9       -5.50417        -5.4344      0.0167201
             10        -5.5411       -5.44507      0.0183709
             11       -5.55444       -5.45501      0.0193646
             12       -5.56922       -5.46453      0.0200765
             13       -5.54423       -5.47066      0.0194587
             14       -5.57798       -5.47833      0.0195782
             15       -5.45728       -5.47692      0.0182802
             16       -5.45927       -5.47582      0.0171351
             17        -5.4491       -5.47425      0.0161722
             18        -5.4408       -5.47239      0.0153601
             19       -5.41281       -5.46925      0.0148638
             20       -5.45283       -5.46843      0.0141249
             21       -5.35093       -5.46284      0.0145541
             22       -5.44441         -5.462      0.0139021
             23        -5.5634       -5.46641      0.0139963
             24       -5.37999       -5.46281      0.0138758
             25       -5.39832       -5.46023      0.0135569
             26       -5.45047       -5.45985      0.0130304
             27       -5.48992       -5.46097      0.0125879
             28       -5.49235       -5.46209      0.0121816
             29       -5.47344       -5.46248      0.0117606
             30       -5.40151       -5.46045      0.0115421
             31       -5.49268       -5.46149      0.0112119
             32       -5.41708        -5.4601      0.0109442
             33         -5.355       -5.45691      0.0110752
             34       -5.44589       -5.45659      0.0107494
             35       -5.40746       -5.45519      0.0105317
             36       -5.51375       -5.45681      0.0103635
             37       -5.48176       -5.45749       0.010102
             38       -5.60791       -5.46145      0.0105995
             39       -5.50618       -5.46259      0.0103877
             40       -5.44735       -5.46221      0.0101318
             41       -5.45407       -5.46201     0.00988361
             42        -5.4458       -5.46163     0.00965314
             43       -5.44931       -5.46134     0.00943032
             44       -5.47176       -5.46158     0.00921655
             45       -5.50751        -5.4626     0.00906704
             46       -5.49432       -5.46329     0.00889452
             47         -5.531       -5.46473     0.00882167
             48       -5.50663        -5.4656     0.00867995
             49       -5.53287       -5.46697     0.00861109
             50       -5.52665       -5.46817     0.00852111
             51       -5.36348       -5.46611     0.00860089
             52       -5.51807       -5.46711     0.00849284
             53       -5.50783       -5.46788     0.00836639
             54       -5.54451        -5.4693     0.00833173
             55       -5.66703        -5.4729     0.00893411
             56       -5.57584       -5.47473     0.00896366
             57       -5.49445       -5.47508     0.00881179
             58       -5.48711       -5.47529     0.00866101
             59       -5.42141       -5.47437     0.00856179
             60       -5.43994        -5.4738     0.00843742
             61       -5.44051       -5.47325     0.00831588
             62       -5.44796       -5.47285     0.00819083
             63       -5.45609       -5.47258     0.00806415
             64       -5.42494       -5.47184     0.00797198
             65       -5.43943       -5.47134     0.00786419
             66       -5.46301       -5.47121     0.00774515
             67       -5.46559       -5.47113     0.00762914
             68       -5.42877       -5.47051     0.00754187
             69        -5.3785       -5.46917     0.00755043
             70       -5.42511       -5.46854     0.00746836
             71       -5.45105        -5.4683     0.00736654
             72       -5.35656       -5.46674     0.00742743
             73       -5.42193       -5.46613     0.00735065
             74       -5.43536       -5.46571     0.00726256
             75       -5.45605       -5.46559     0.00716623
             76       -5.57099       -5.46697     0.00720602
             77       -5.44057       -5.46663     0.00712008
             78       -5.43713       -5.46625     0.00703837
             79       -5.47096       -5.46631     0.00694896
             80       -5.45944       -5.46622     0.00686209
             81       -5.45164       -5.46604     0.00677923
             82       -5.36348       -5.46479     0.00681188
             83       -5.41217       -5.46416     0.00675911
             84       -5.48592       -5.46442     0.00668318
             85       -5.35128       -5.46309     0.00673688
             86       -5.49019        -5.4634     0.00666554
             87       -5.46162       -5.46338     0.00658851
             88       -5.44233       -5.46314      0.0065176
             89       -5.41062       -5.46255     0.00647092
             90        -5.5043       -5.46302     0.00641541
             91       -5.52234       -5.46367     0.00637793
             92       -5.51907       -5.46427      0.0063369
             93       -5.41702       -5.46376     0.00628895
             94       -5.35237       -5.46258     0.00633354
             95       -5.48172       -5.46278     0.00626975
             96       -5.49928       -5.46316     0.00621574
             97       -5.50586        -5.4636     0.00616706
             98       -5.58731       -5.46486     0.00623297
             99       -5.50609       -5.46528     0.00618373
            100       -5.44646       -5.46509     0.00612447
