              1       0.708013       0.708013              0
              2       0.718581       0.713297     0.00528412
              3       0.788858       0.738484      0.0253712
              4       0.912276       0.781932      0.0470062
              5       0.750981       0.775742      0.0369333
              6       0.733216       0.768654      0.0309776
              7       0.758052        0.76714      0.0262246
              8       0.788641       0.769827      0.0228697
              9       0.793852       0.772497       0.020345
             10       0.769542       0.772201      0.0181996
             11       0.752227       0.770385       0.016562
             12       0.811255       0.773791      0.0154978
             13       0.726513       0.770154      0.0147125
             14       0.793877       0.771849      0.0137261
             15       0.792811       0.773246      0.0128545
             16       0.794719       0.774588      0.0120989
             17       0.801435       0.776168      0.0114742
             18       0.748329       0.774621      0.0109279
             19       0.762863       0.774002      0.0103553
             20       0.832265       0.776915      0.0102467
             21        0.78136       0.777127     0.00974888
             22       0.737311       0.775317     0.00946975
             23       0.764986       0.774868      0.0090598
             24         0.8426        0.77769     0.00912165
             25       0.813573       0.779125     0.00886613
             26       0.711373        0.77652     0.00890798
             27       0.728338       0.774735     0.00875549
             28       0.813728       0.776128     0.00855116
             29       0.779841       0.776256     0.00825202
             30       0.779267       0.776356     0.00797284
             31       0.782595       0.776557     0.00771399
             32       0.819943       0.777913     0.00759109
             33       0.782072       0.778039     0.00735855
             34       0.712572       0.776114     0.00739396
             35        0.74986       0.775364     0.00721867
             36       0.773383       0.775309      0.0070155
             37       0.826935       0.776704     0.00696446
             38       0.770393       0.776538     0.00678074
             39       0.778221       0.776581     0.00660473
             40       0.817003       0.777591     0.00651633
             41       0.705546       0.775834     0.00659386
             42       0.804984       0.776528     0.00647227
             43       0.724141        0.77531     0.00643631
             44       0.770934       0.775211     0.00628912
             45        0.79135       0.775569     0.00615822
             46       0.791694        0.77592     0.00603306
             47       0.807835       0.776599     0.00594222
             48       0.759721       0.776247     0.00582773
             49       0.743152       0.775572     0.00574738
             50       0.789539       0.775851     0.00563818
             51       0.757611       0.775493     0.00553809
             52       0.731706       0.774651     0.00549544
             53       0.822731       0.775559     0.00546655
             54       0.809983       0.776196     0.00540211
             55       0.785521       0.776366     0.00530569
             56       0.706832       0.775124     0.00535599
             57        0.77792       0.775173     0.00526142
             58       0.756922       0.774858     0.00517948
             59       0.837538       0.775921      0.0052006
             60       0.828369       0.776795     0.00518737
             61        0.74217       0.776227      0.0051331
             62       0.734799       0.775559     0.00509365
             63       0.779218       0.775617     0.00501248
             64       0.776846       0.775636     0.00493358
             65       0.785454       0.775787     0.00485943
             66       0.781818       0.775879     0.00478611
             67       0.810006       0.776388     0.00474157
             68       0.759204       0.776135     0.00467815
             69       0.782434       0.776227     0.00461076
             70       0.776228       0.776227     0.00454441
             71       0.753629       0.775908     0.00449124
             72       0.791111        0.77612     0.00443345
             73       0.784158        0.77623     0.00437369
             74       0.777693       0.776249     0.00431422
             75       0.789492       0.776426     0.00425997
             76       0.771831       0.776366     0.00420398
             77        0.80649       0.776757     0.00416743
             78       0.797231       0.777019     0.00412202
             79       0.744251       0.776604     0.00409059
             80       0.783486        0.77669     0.00404005
             81       0.750315       0.776365     0.00400313
             82       0.792005       0.776556     0.00395861
             83       0.790438       0.776723      0.0039142
             84       0.785552       0.776828     0.00386875
             85        0.77051       0.776754     0.00382368
             86       0.785228       0.776852     0.00378025
             87        0.78365        0.77693     0.00373736
             88       0.795028       0.777136     0.00370036
             89       0.730289        0.77661     0.00369622
             90       0.826819       0.777167     0.00369725
             91       0.789708       0.777305       0.003659
             92       0.728185       0.776771     0.00365818
             93       0.754143       0.776528      0.0036268
             94       0.795271       0.776727     0.00359355
             95       0.793477       0.776904     0.00355989
             96       0.760204        0.77673      0.0035269
             97       0.759552       0.776553     0.00349484
             98       0.819786       0.776994     0.00348702
             99       0.736436       0.776584     0.00347584
            100       0.813391       0.776952     0.00346054
