              1       -5.31577       -5.31577              0
              2       -5.36724       -5.34151      0.0257369
              3       -5.36636       -5.34979      0.0170131
              4       -5.36489       -5.35357      0.0126087
              5       -5.36035       -5.35492     0.00986041
              6       -5.36007       -5.35578     0.00809662
              7       -5.36476       -5.35706     0.00696205
              8       -5.36714       -5.35832     0.00615942
              9       -5.36799        -5.3594     0.00553733
             10        -5.3674        -5.3602     0.00501692
             11       -5.36102       -5.36027     0.00453858
             12       -5.36475       -5.36065     0.00415988
             13        -5.3669       -5.36113     0.00385666
             14       -5.36772        -5.3616     0.00360147
             15       -5.36587       -5.36188     0.00336484
             16       -5.36216        -5.3619     0.00314757
             17       -5.36529        -5.3621     0.00296333
             18       -5.36616       -5.36232     0.00280296
             19       -5.36619       -5.36253     0.00265913
             20       -5.36652       -5.36273     0.00253057
             21        -5.3685         -5.363     0.00242272
             22       -5.36717       -5.36319     0.00231772
             23       -5.36663       -5.36334      0.0022197
             24       -5.36376       -5.36336     0.00212527
             25       -5.36298       -5.36334     0.00203854
             26       -5.36614       -5.36345     0.00196153
             27       -5.36369       -5.36346      0.0018875
             28       -5.36637       -5.36356     0.00182182
             29        -5.3673       -5.36369     0.00176259
             30       -5.36532       -5.36375     0.00170369
             31       -5.36549        -5.3638     0.00164877
             32       -5.36397       -5.36381     0.00159643
             33       -5.36794       -5.36393     0.00155234
             34       -5.36905       -5.36408      0.0015135
             35       -5.36723       -5.36417     0.00147237
             36       -5.36432       -5.36418     0.00143089
             37       -5.36785       -5.36428     0.00139522
             38       -5.36517        -5.3643     0.00135821
             39       -5.36768       -5.36439     0.00132577
             40       -5.36673       -5.36445     0.00129353
             41        -5.3658       -5.36448     0.00126202
             42       -5.36608       -5.36452     0.00123219
             43       -5.36179       -5.36445     0.00120487
             44       -5.36628        -5.3645     0.00117791
             45       -5.36905        -5.3646     0.00115587
             46       -5.36616       -5.36463     0.00113098
             47       -5.36255       -5.36459     0.00110754
             48       -5.36702       -5.36464     0.00108541
             49       -5.36357       -5.36462     0.00106325
             50       -5.36189       -5.36456      0.0010432
             51       -5.36723       -5.36461     0.00102387
             52       -5.36597       -5.36464     0.00100433
             53       -5.36317       -5.36461    0.000985584
             54        -5.3642        -5.3646     0.00096719
             55       -5.36518       -5.36461    0.000949499
             56       -5.36359        -5.3646    0.000932568
             57       -5.36901       -5.36467    0.000919324
             58        -5.3662        -5.3647     0.00090372
             59       -5.36513       -5.36471      0.0008883
             60       -5.36835       -5.36477    0.000875481
             61       -5.36173       -5.36472    0.000862448
             62       -5.36039       -5.36465    0.000851293
             63       -5.36588       -5.36467    0.000837899
             64       -5.36176       -5.36462    0.000825954
             65        -5.3681       -5.36468    0.000814906
             66       -5.37062       -5.36477      0.0008075
             67       -5.37077       -5.36486    0.000800384
             68       -5.36858       -5.36491    0.000790429
             69       -5.36555       -5.36492    0.000778946
             70       -5.36729       -5.36495    0.000768486
             71       -5.36665       -5.36498    0.000757962
             72       -5.36688         -5.365    0.000747826
             73        -5.3657       -5.36501    0.000737573
             74       -5.36431         -5.365    0.000727599
             75        -5.3677       -5.36504    0.000718729
             76       -5.36533       -5.36504     0.00070922
             77       -5.36935        -5.3651    0.000702176
             78       -5.36415       -5.36509    0.000693223
             79       -5.36402       -5.36507    0.000684524
             80       -5.36419       -5.36506    0.000676004
             81       -5.36644       -5.36508    0.000667821
             82       -5.36531       -5.36508    0.000659633
             83       -5.36688        -5.3651    0.000651996
             84       -5.36914       -5.36515    0.000645978
             85       -5.36707       -5.36517    0.000638732
             86       -5.36449       -5.36517    0.000631311
             87        -5.3637       -5.36515    0.000624241
             88       -5.36222       -5.36512    0.000618003
             89       -5.36111       -5.36507    0.000612676
             90       -5.36449       -5.36507    0.000605865
             91       -5.36668       -5.36508    0.000599435
             92       -5.36706        -5.3651    0.000593272
             93       -5.36657       -5.36512     0.00058707
             94       -5.36852       -5.36516    0.000581918
             95       -5.36731       -5.36518    0.000576206
             96       -5.36461       -5.36517    0.000570203
             97       -5.36065       -5.36513     0.00056622
             98       -5.36277        -5.3651    0.000560928
             99       -5.36666       -5.36512    0.000555456
            100        -5.3668       -5.36514     0.00055013
