              1       -6.53618       -6.53618              0
              2       -6.59996       -6.56807      0.0318883
              3       -6.70829       -6.61481      0.0502347
              4       -6.89571       -6.68503      0.0786973
              5       -6.65209       -6.67845      0.0613138
              6       -6.62526       -6.66958      0.0508411
              7       -6.66138       -6.66841      0.0429845
              8       -6.70611       -6.67312      0.0375228
              9       -6.71697       -6.67799      0.0334488
             10       -6.67932       -6.67813      0.0299178
             11       -6.64823       -6.67541      0.0271977
             12       -6.74285       -6.68103      0.0254562
             13       -6.61476       -6.67593      0.0239649
             14       -6.71565       -6.67877      0.0223678
             15       -6.71671        -6.6813      0.0209764
             16       -6.71864       -6.68363      0.0197599
             17       -6.73328       -6.68655      0.0187896
             18       -6.65053       -6.68455      0.0178276
             19        -6.6664        -6.6836      0.0168903
             20       -6.77491       -6.68816      0.0166613
             21       -6.69662       -6.68856      0.0158532
             22       -6.62964       -6.68589      0.0153509
             23       -6.67481        -6.6854      0.0146762
             24       -6.79189       -6.68984      0.0147353
             25       -6.74896       -6.69221      0.0143301
             26       -6.59162       -6.68834      0.0143011
             27       -6.61837       -6.68575      0.0140032
             28       -6.74721       -6.68794      0.0136712
             29       -6.69478       -6.68818      0.0131934
             30       -6.69421       -6.68838      0.0127477
             31       -6.70064       -6.68877      0.0123359
             32       -6.75575       -6.69087      0.0121262
             33        -6.7009       -6.69117      0.0117569
             34       -6.59319       -6.68829      0.0117643
             35       -6.64738       -6.68712      0.0114829
             36       -6.68554       -6.68708      0.0111594
             37       -6.76721       -6.68924      0.0110676
             38        -6.6815       -6.68904      0.0107743
             39       -6.69535        -6.6892      0.0104957
             40       -6.75244       -6.69078      0.0103514
             41       -6.58394       -6.68818      0.0104267
             42       -6.73339       -6.68925      0.0102322
             43       -6.61242       -6.68747      0.0101499
             44       -6.68463        -6.6874     0.00991675
             45       -6.71556       -6.68803     0.00971405
             46       -6.71307       -6.68857     0.00951611
             47       -6.73781       -6.68962     0.00937019
             48       -6.66556       -6.68912     0.00918659
             49       -6.63978       -6.68811     0.00905331
             50       -6.71162       -6.68858     0.00888285
             51       -6.66044       -6.68803     0.00872441
             52        -6.6215       -6.68675     0.00865012
             53       -6.76141       -6.68816     0.00860147
             54       -6.73951       -6.68911     0.00849408
             55       -6.70422       -6.68938     0.00834274
             56       -6.58674       -6.68755     0.00839496
             57       -6.69496       -6.68768     0.00824739
             58       -6.65919       -6.68719     0.00811882
             59       -6.78383       -6.68883     0.00814641
             60       -6.77092        -6.6902     0.00812549
             61       -6.64071       -6.68938     0.00803225
             62       -6.62815        -6.6884     0.00796313
             63       -6.69306       -6.68847     0.00783607
             64       -6.68924       -6.68848     0.00771266
             65       -6.70379       -6.68872     0.00759673
             66       -6.69869       -6.68887     0.00748227
             67       -6.74391       -6.68969     0.00741539
             68       -6.66411       -6.68931     0.00731521
             69       -6.69943       -6.68946      0.0072099
             70       -6.69007       -6.68947     0.00710616
             71       -6.65371       -6.68897     0.00702344
             72        -6.7119       -6.68929     0.00693253
             73       -6.70204       -6.68946     0.00683913
             74       -6.69507       -6.68954     0.00674651
             75       -6.71034       -6.68981     0.00666172
             76       -6.68326       -6.68973     0.00657405
             77       -6.73534       -6.69032     0.00651509
             78       -6.72264       -6.69073     0.00644436
             79       -6.64457       -6.69015     0.00638904
             80       -6.70283       -6.69031     0.00631066
             81       -6.65106       -6.68982     0.00625107
             82       -6.71234        -6.6901     0.00618047
             83       -6.71454       -6.69039     0.00611265
             84       -6.70741       -6.69059     0.00604284
             85       -6.68051       -6.69048      0.0059725
             86       -6.70455       -6.69064     0.00590492
             87       -6.70156       -6.69077       0.005838
             88       -6.71356       -6.69102     0.00577709
             89       -6.62084       -6.69024     0.00576598
             90       -6.77096       -6.69113     0.00577168
             91       -6.71209       -6.69136     0.00571255
             92       -6.61425       -6.69053     0.00571195
             93       -6.65621       -6.69016     0.00566223
             94       -6.71706       -6.69044     0.00560898
             95        -6.7165       -6.69072      0.0055564
             96       -6.66768       -6.69048     0.00550345
             97       -6.66538       -6.69022     0.00545256
             98       -6.75354       -6.69086     0.00543518
             99       -6.62849       -6.69023     0.00541677
            100       -6.74658        -6.6908     0.00539185
