              1        1.53645        1.53645              0
              2         1.5504        1.54342     0.00697518
              3        1.55042        1.54575     0.00465341
              4        1.55042        1.54692     0.00349141
              5        1.55042        1.54762     0.00279343
              6        1.55038        1.54808     0.00232678
              7        1.55036        1.54841     0.00199322
              8        1.55034        1.54865     0.00174301
              9        1.55035        1.54884     0.00154874
             10        1.55034        1.54899     0.00139339
             11        1.55036        1.54911     0.00126656
             12        1.55037        1.54922     0.00116092
             13        1.55037         1.5493     0.00107157
             14         1.5504        1.54938    0.000995166
             15        1.55039        1.54945    0.000928887
             16        1.55039        1.54951    0.000870892
             17        1.55039        1.54956     0.00081971
             18        1.55038        1.54961    0.000774183
             19        1.55036        1.54965    0.000733374
             20        1.55032        1.54968    0.000696562
             21        1.55033        1.54971    0.000663281
             22        1.55033        1.54974    0.000633037
             23        1.55033        1.54977    0.000605428
             24         1.5503        1.54979    0.000580087
             25        1.55032        1.54981    0.000556803
             26        1.55033        1.54983     0.00053534
             27        1.55033        1.54985    0.000515464
             28        1.55031        1.54986    0.000496994
             29        1.55031        1.54988      0.0004798
             30        1.55032        1.54989    0.000463767
             31        1.55032        1.54991    0.000448772
             32        1.55033        1.54992    0.000434726
             33        1.55032        1.54993    0.000421522
             34        1.55031        1.54994    0.000409089
             35        1.55029        1.54995    0.000397351
             36        1.55029        1.54996    0.000386268
             37        1.55028        1.54997    0.000375778
             38        1.55031        1.54998     0.00036586
             39        1.55032        1.54999    0.000356463
             40        1.55033           1.55    0.000347544
             41        1.55032        1.55001    0.000339055
             42        1.55032        1.55001    0.000330969
             43        1.55033        1.55002    0.000323264
             44        1.55029        1.55003     0.00031589
             45         1.5503        1.55003     0.00030885
             46         1.5503        1.55004    0.000302116
             47         1.5503        1.55004     0.00029567
             48        1.55031        1.55005    0.000289496
             49        1.55033        1.55006    0.000283584
             50        1.55034        1.55006    0.000277913
             51        1.55035        1.55007    0.000272469
             52        1.55038        1.55007    0.000267246
             53         1.5504        1.55008    0.000262227
             54        1.55039        1.55009    0.000257388
             55        1.55041        1.55009    0.000252733
             56        1.55043         1.5501    0.000248254
             57        1.55045         1.5501    0.000243937
             58        1.55043        1.55011     0.00023976
             59        1.55039        1.55011     0.00023571
             60        1.55037        1.55012    0.000231786
             61        1.55037        1.55012    0.000227992
             62        1.55038        1.55013    0.000224322
             63        1.55038        1.55013     0.00022077
             64        1.55039        1.55013     0.00021733
             65        1.55037        1.55014    0.000213992
             66         1.5504        1.55014    0.000210761
             67        1.55039        1.55015    0.000207626
             68        1.55039        1.55015    0.000204582
             69        1.55039        1.55015    0.000201624
             70        1.55037        1.55016    0.000198748
             71        1.55036        1.55016     0.00019595
             72        1.55038        1.55016    0.000193233
             73        1.55039        1.55016    0.000190594
             74        1.55039        1.55017    0.000188025
             75        1.55041        1.55017     0.00018553
             76        1.55043        1.55017    0.000183104
             77        1.55043        1.55018    0.000180741
             78        1.55044        1.55018     0.00017844
             79        1.55046        1.55018    0.000176201
             80        1.55046        1.55019     0.00017402
             81        1.55046        1.55019     0.00017189
             82        1.55044        1.55019    0.000169808
             83        1.55042         1.5502    0.000167773
             84        1.55041         1.5502    0.000165783
             85        1.55042         1.5502    0.000163841
             86         1.5504         1.5502    0.000161942
             87        1.55039        1.55021    0.000160084
             88         1.5504        1.55021    0.000158269
             89         1.5504        1.55021    0.000156495
             90        1.55041        1.55021    0.000154762
             91         1.5504        1.55022    0.000153065
             92        1.55039        1.55022    0.000151404
             93        1.55038        1.55022    0.000149777
             94        1.55039        1.55022    0.000148186
             95        1.55037        1.55022    0.000146627
             96        1.55036        1.55022    0.000145099
             97        1.55036        1.55023    0.000143602
             98        1.55037        1.55023    0.000142137
             99        1.55038        1.55023    0.000140703
            100         1.5504        1.55023      0.0001393
