              1        2.05037        2.05037              0
              2         2.0547        2.05253     0.00216255
              3        2.03287        2.04598     0.00667172
              4        2.04697        2.04623     0.00472411
              5         2.0476         2.0465     0.00366953
              6        2.05992        2.04874     0.00373934
              7        2.02535         2.0454     0.00459894
              8        2.04325        2.04513     0.00399185
              9        2.04165        2.04474     0.00354166
             10        2.04164        2.04443     0.00318288
             11        2.05083        2.04501     0.00293728
             12         2.0426        2.04481      0.0026889
             13        2.02558        2.04333     0.00288204
             14        2.03304         2.0426     0.00276774
             15         2.0292         2.0417     0.00272714
             16        2.04956         2.0422     0.00259781
             17         2.0119        2.04041     0.00302169
             18        2.05751        2.04136     0.00300312
             19        2.03801        2.04119     0.00284613
             20        2.04828        2.04154     0.00272326
             21        2.03927        2.04143      0.0025926
             22        2.05386          2.042     0.00253565
             23        2.05938        2.04275     0.00253805
             24        2.05105         2.0431     0.00245445
             25        2.02875        2.04253      0.0024232
             26        2.06146        2.04325     0.00243939
             27         2.0263        2.04263     0.00242982
             28        2.06898        2.04357     0.00252351
             29        2.01652        2.04263     0.00260748
             30        2.04911        2.04285     0.00252829
             31        2.01999        2.04211     0.00255418
             32        2.04404        2.04217     0.00247381
             33        2.05333        2.04251      0.0024214
             34        2.04186        2.04249     0.00234918
             35        2.04963         2.0427     0.00229017
             36        2.04071        2.04264     0.00222633
             37        2.07758        2.04358     0.00236228
             38        2.02861        2.04319     0.00233278
             39         2.0528        2.04344     0.00228549
             40        2.05651        2.04376     0.00225147
             41        2.02586        2.04333     0.00223888
             42         2.0418        2.04329     0.00218523
             43        2.04626        2.04336     0.00213492
             44        2.05439        2.04361     0.00210083
             45        2.03058        2.04332     0.00207393
             46          2.064        2.04377     0.00207759
             47        2.05444          2.044     0.00204554
             48        2.02866        2.04368     0.00202782
             49        2.03726        2.04355     0.00199032
             50        2.03965        2.04347     0.00195166
             51        2.04998         2.0436     0.00191727
             52        2.07539        2.04421     0.00197698
             53        2.04148        2.04416     0.00194001
             54        2.04668         2.0442     0.00190431
             55        2.06088        2.04451     0.00189381
             56        2.04711        2.04455     0.00186027
             57        2.04588        2.04458     0.00182749
             58        2.03512        2.04441     0.00180309
             59        2.05153        2.04453     0.00177637
             60        2.04539        2.04455     0.00174657
             61        2.04544        2.04456     0.00171776
             62         2.0528         2.0447     0.00169504
             63        2.02823        2.04443     0.00168826
             64         2.0682        2.04481     0.00170266
             65        2.03767         2.0447     0.00167985
             66        2.02586        2.04441     0.00167864
             67        2.07117        2.04481     0.00170093
             68        2.04058        2.04475     0.00167689
             69        2.05951        2.04496     0.00166619
             70        2.01958         2.0446     0.00168178
             71        2.04946        2.04467     0.00165933
             72        2.05031        2.04475       0.001638
             73        2.04836         2.0448     0.00161616
             74        2.06938        2.04513     0.00162842
             75        2.03865        2.04504     0.00160888
             76        2.03663        2.04493     0.00159142
             77        2.05803         2.0451      0.0015798
             78        2.02433        2.04483     0.00158199
             79        2.03885        2.04476     0.00156367
             80        2.03249        2.04461      0.0015516
             81        2.06664        2.04488     0.00155629
             82        2.05769        2.04503     0.00154512
             83        2.03284        2.04489     0.00153345
             84        2.04384        2.04487     0.00151514
             85        2.05244        2.04496     0.00149985
             86        2.05004        2.04502     0.00148348
             87        2.04579        2.04503     0.00146636
             88        2.02737        2.04483     0.00146342
             89        2.05831        2.04498     0.00145479
             90        2.04124        2.04494     0.00143913
             91        2.04705        2.04496     0.00142342
             92        2.03955         2.0449     0.00140909
             93        2.04046        2.04486     0.00139468
             94        2.05725        2.04499     0.00138604
             95        2.06177        2.04517     0.00138271
             96        2.02054        2.04491     0.00139206
             97        2.02896        2.04474     0.00138741
             98        2.03378        2.04463     0.00137773
             99        2.04409        2.04463     0.00136375
            100         2.0453        2.04463     0.00135006
