              1        1.04191        1.04191              0
              2        1.04942        1.04567     0.00375342
              3         1.0626        1.05131     0.00604506
              4        1.06088         1.0537     0.00489813
              5        1.11539        1.06604      0.0129073
              6        1.09314        1.07056      0.0114659
              7        1.06444        1.06968     0.00972968
              8        1.09841        1.07327     0.00915943
              9        1.12181        1.07867     0.00971242
             10        1.14461        1.08526      0.0109064
             11        1.15428        1.09154      0.0116914
             12        1.16488        1.09765       0.012299
             13        1.14798        1.10152      0.0119577
             14        1.17036        1.10644      0.0121136
             15        1.09016        1.10535      0.0113292
             16        1.09215        1.10453      0.0106296
             17        1.08569        1.10342       0.010046
             18        1.07802        1.10201     0.00957604
             19        1.05871        1.09973     0.00934033
             20        1.08546        1.09902     0.00888967
             21         1.0176        1.09514     0.00930216
             22        1.07953        1.09443      0.0088976
             23        1.15827         1.0972     0.00894364
             24        1.03666        1.09468     0.00892674
             25        1.04896        1.09285     0.00875538
             26        1.08241        1.09245     0.00842148
             27        1.10945        1.09308     0.00812799
             28        1.11164        1.09374     0.00786032
             29        1.09892        1.09392     0.00758653
             30        1.05009        1.09246     0.00747349
             31        1.11359        1.09314     0.00726045
             32        1.06338        1.09221     0.00709115
             33        1.02223        1.09009     0.00719262
             34        1.08365         1.0899     0.00698044
             35        1.05526        1.08891     0.00684996
             36        1.12712        1.08997     0.00674102
             37         1.1053        1.09039     0.00656937
             38        1.19066        1.09303     0.00691721
             39        1.12282        1.09379     0.00678069
             40         1.0825        1.09351     0.00661502
             41        1.08576        1.09332     0.00645443
             42        1.07993          1.093     0.00630694
             43        1.08353        1.09278     0.00616245
             44        1.09727        1.09288     0.00602163
             45        1.12131        1.09351      0.0059201
             46        1.11285        1.09393     0.00580521
             47        1.13674        1.09485     0.00575289
             48        1.12017        1.09537     0.00565642
             49        1.13869        1.09626     0.00560988
             50        1.13644        1.09706     0.00555498
             51        1.02756         1.0957      0.0056129
             52        1.13086        1.09637     0.00554528
             53        1.12323        1.09688      0.0054632
             54        1.14703        1.09781      0.0054409
             55        1.22953         1.1002     0.00585341
             56        1.16842        1.10142      0.0058756
             57        1.11436        1.10165     0.00577605
             58        1.11055         1.1018     0.00567767
             59        1.06511        1.10118     0.00561515
             60        1.07711        1.10078     0.00553533
             61        1.07638        1.10038      0.0054585
             62        1.08208        1.10008     0.00537784
             63        1.08692        1.09988     0.00529591
             64        1.06665        1.09936     0.00523829
             65        1.07654        1.09901     0.00516901
             66        1.09083        1.09888     0.00509159
             67        1.09125        1.09877     0.00501632
             68        1.06877        1.09833     0.00496165
             69        1.03573        1.09742     0.00497266
             70        1.06659        1.09698     0.00492086
             71        1.08545        1.09682     0.00485377
             72        1.02331         1.0958     0.00489356
             73         1.0674        1.09541     0.00484171
             74        1.07654        1.09515     0.00478264
             75        1.08926        1.09507     0.00471909
             76        1.16538          1.096     0.00474759
             77          1.077        1.09575     0.00469202
             78        1.07364        1.09547     0.00464015
             79        1.09752        1.09549     0.00458111
             80        1.09196        1.09545      0.0045237
             81        1.08849        1.09536     0.00446833
             82        1.03065        1.09457     0.00448349
             83        1.06231        1.09419     0.00444617
             84        1.11143        1.09439     0.00439772
             85         1.0193        1.09351     0.00443455
             86        1.11114        1.09371     0.00438748
             87        1.09212        1.09369     0.00433679
             88        1.08096        1.09355     0.00428967
             89        1.05891        1.09316     0.00425902
             90        1.12095        1.09347     0.00422274
             91        1.13308         1.0939      0.0041987
             92        1.12887        1.09428     0.00417017
             93        1.06076        1.09392      0.0041408
             94        1.01997        1.09314     0.00417137
             95        1.10591        1.09327     0.00412942
             96        1.11767        1.09353     0.00409407
             97        1.12131        1.09381     0.00406175
             98        1.17547        1.09465     0.00410553
             99        1.12152        1.09492      0.0040729
            100         1.0807        1.09478     0.00403447
