              1       -5.89338       -5.89338              0
              2       -5.93282        -5.9131      0.0197191
              3       -5.91165       -5.91262      0.0113952
              4       -5.92594       -5.91595     0.00871879
              5       -5.92805       -5.91837     0.00717381
              6       -5.93854       -5.92173     0.00675343
              7       -5.90635       -5.91953     0.00611571
              8       -5.92306       -5.91997     0.00531464
              9       -5.92046       -5.92003     0.00468739
             10       -5.92154       -5.92018     0.00419525
             11       -5.92997       -5.92107     0.00389776
             12       -5.92135       -5.92109     0.00355823
             13       -5.90642       -5.91996     0.00346228
             14       -5.91243       -5.91943     0.00325033
             15       -5.90812       -5.91867     0.00311841
             16       -5.92872        -5.9193      0.0029839
             17       -5.89036        -5.9176     0.00327924
             18       -5.93692       -5.91867     0.00327284
             19        -5.9183       -5.91865     0.00309586
             20        -5.9263       -5.91903      0.0029618
             21       -5.91766       -5.91897       0.002818
             22       -5.93107       -5.91952     0.00274254
             23       -5.93806       -5.92032     0.00274172
             24       -5.92845       -5.92066     0.00264675
             25        -5.9091        -5.9202     0.00258044
             26       -5.94113       -5.92101      0.0026066
             27        -5.9068       -5.92048     0.00256279
             28       -5.94831       -5.92147     0.00266214
             29       -5.89672       -5.92062     0.00270685
             30         -5.928       -5.92087      0.0026266
             31       -5.89902       -5.92016     0.00263643
             32       -5.92492       -5.92031     0.00255704
             33       -5.93206       -5.92067      0.0025038
             34       -5.91969       -5.92064     0.00242921
             35       -5.92871       -5.92087     0.00237002
             36       -5.91961       -5.92083     0.00230351
             37       -5.95668        -5.9218     0.00244086
             38       -5.90813       -5.92144     0.00240287
             39       -5.93299       -5.92174     0.00235909
             40       -5.93544       -5.92208     0.00232473
             41         -5.905       -5.92166     0.00230528
             42       -5.92194       -5.92167     0.00224974
             43         -5.925       -5.92175     0.00219816
             44       -5.93257       -5.92199     0.00216166
             45        -5.9109       -5.92175      0.0021274
             46       -5.94026       -5.92215     0.00211921
             47       -5.93411        -5.9224     0.00208917
             48       -5.90768        -5.9221     0.00206806
             49       -5.91571       -5.92197      0.0020296
             50       -5.91922       -5.92191     0.00198936
             51       -5.92953       -5.92206     0.00195567
             52       -5.95327       -5.92266     0.00200944
             53        -5.9198       -5.92261      0.0019719
             54       -5.92343       -5.92262      0.0019351
             55       -5.93814        -5.9229     0.00192042
             56       -5.92477       -5.92294     0.00188611
             57       -5.92402       -5.92296     0.00185282
             58       -5.91469       -5.92281     0.00182616
             59       -5.93151       -5.92296     0.00180098
             60       -5.92397       -5.92298     0.00177079
             61       -5.92346       -5.92299     0.00174154
             62       -5.93031       -5.92311     0.00171729
             63       -5.90632       -5.92284     0.00171068
             64       -5.94631       -5.92321      0.0017232
             65       -5.91694       -5.92311     0.00169922
             66         -5.905       -5.92283     0.00169562
             67       -5.95163       -5.92326     0.00172453
             68       -5.92065       -5.92323     0.00169941
             69       -5.93857       -5.92345     0.00168931
             70       -5.89833       -5.92309     0.00170323
             71       -5.92903       -5.92317     0.00168116
             72       -5.92799       -5.92324     0.00165899
             73       -5.92672       -5.92329     0.00163681
             74        -5.9479       -5.92362     0.00164843
             75        -5.9193       -5.92356     0.00162732
             76       -5.91682       -5.92347     0.00160822
             77       -5.93842       -5.92367     0.00159901
             78       -5.90541       -5.92343     0.00159565
             79        -5.9172       -5.92336     0.00157729
             80       -5.91084        -5.9232     0.00156529
             81       -5.94485       -5.92347     0.00156879
             82       -5.93529       -5.92361     0.00155623
             83       -5.91241       -5.92348     0.00154327
             84       -5.92181       -5.92346     0.00152492
             85       -5.93182       -5.92355     0.00151008
             86       -5.92849       -5.92361     0.00149352
             87       -5.92495       -5.92363     0.00147634
             88       -5.90761       -5.92344     0.00147077
             89       -5.93734        -5.9236     0.00146251
             90       -5.92077       -5.92357     0.00144652
             91       -5.92561       -5.92359     0.00143071
             92       -5.91832       -5.92353     0.00141623
             93       -5.92031        -5.9235     0.00140135
             94       -5.93664       -5.92364     0.00139339
             95       -5.94007       -5.92381     0.00138945
             96       -5.90104       -5.92358     0.00139522
             97       -5.90921       -5.92343     0.00138868
             98       -5.91499       -5.92334     0.00137713
             99       -5.92368       -5.92334     0.00136316
            100       -5.92247       -5.92334     0.00134948
