              1        1.36691        1.36691              0
              2         1.3698        1.36836      0.0014417
              3        1.35525        1.36399     0.00444782
              4        1.36465        1.36415     0.00314941
              5        1.36506        1.36433     0.00244635
              6        1.37328        1.36583     0.00249289
              7        1.35023         1.3636     0.00306596
              8        1.36217        1.36342     0.00266123
              9         1.3611        1.36316     0.00236111
             10         1.3611        1.36295     0.00212192
             11        1.36722        1.36334     0.00195818
             12        1.36173        1.36321      0.0017926
             13        1.35039        1.36222     0.00192136
             14        1.35536        1.36173     0.00184516
             15         1.3528        1.36114      0.0018181
             16        1.36637        1.36146     0.00173188
             17        1.34127        1.36028     0.00201446
             18        1.37168        1.36091     0.00200208
             19        1.35868        1.36079     0.00189742
             20        1.36552        1.36103     0.00181551
             21        1.35951        1.36096      0.0017284
             22        1.36924        1.36133     0.00169043
             23        1.37292        1.36184     0.00169203
             24        1.36737        1.36207      0.0016363
             25         1.3525        1.36168     0.00161546
             26        1.37431        1.36217     0.00162626
             27        1.35087        1.36175     0.00161988
             28        1.37932        1.36238     0.00168234
             29        1.34434        1.36176     0.00173832
             30        1.36607         1.3619     0.00168553
             31        1.34666        1.36141     0.00170279
             32        1.36269        1.36145      0.0016492
             33        1.36889        1.36167     0.00161427
             34        1.36124        1.36166     0.00156612
             35        1.36642         1.3618     0.00152678
             36        1.36047        1.36176     0.00148422
             37        1.38505        1.36239     0.00157485
             38        1.35241        1.36213     0.00155519
             39        1.36853        1.36229     0.00152366
             40        1.37101        1.36251     0.00150098
             41        1.35057        1.36222     0.00149259
             42         1.3612        1.36219     0.00145682
             43        1.36417        1.36224     0.00142328
             44        1.36959        1.36241     0.00140056
             45        1.35372        1.36221     0.00138262
             46          1.376        1.36251     0.00138506
             47        1.36963        1.36267      0.0013637
             48        1.35244        1.36245     0.00135188
             49        1.35817        1.36236     0.00132688
             50        1.35977        1.36231     0.00130111
             51        1.36666         1.3624     0.00127818
             52         1.3836        1.36281     0.00131799
             53        1.36099        1.36277     0.00129334
             54        1.36445         1.3628     0.00126954
             55        1.37392          1.363     0.00126254
             56        1.36474        1.36304     0.00124018
             57        1.36392        1.36305     0.00121833
             58        1.35675        1.36294     0.00120206
             59        1.36769        1.36302     0.00118425
             60        1.36359        1.36303     0.00116438
             61        1.36362        1.36304     0.00114518
             62        1.36853        1.36313     0.00113003
             63        1.35216        1.36296     0.00112551
             64         1.3788         1.3632     0.00113511
             65        1.35845        1.36313      0.0011199
             66        1.35057        1.36294     0.00111909
             67        1.38078        1.36321     0.00113396
             68        1.36039        1.36317     0.00111792
             69          1.373        1.36331     0.00111079
             70        1.34639        1.36307     0.00112118
             71        1.36631        1.36311     0.00110622
             72        1.36687        1.36316       0.001092
             73        1.36557         1.3632     0.00107744
             74        1.37959        1.36342     0.00108561
             75         1.3591        1.36336     0.00107259
             76        1.35775        1.36329     0.00106095
             77        1.37202         1.3634      0.0010532
             78        1.34955        1.36322     0.00105466
             79        1.35923        1.36317     0.00104245
             80        1.35499        1.36307      0.0010344
             81        1.37776        1.36325     0.00103753
             82         1.3718        1.36336     0.00103008
             83        1.35523        1.36326      0.0010223
             84        1.36256        1.36325     0.00101009
             85        1.36829        1.36331      0.0009999
             86        1.36669        1.36335    0.000988988
             87        1.36386        1.36335    0.000977572
             88        1.35158        1.36322    0.000975614
             89         1.3722        1.36332    0.000969858
             90        1.36082        1.36329    0.000959422
             91         1.3647        1.36331    0.000948946
             92         1.3597        1.36327    0.000939393
             93         1.3603        1.36324    0.000929784
             94         1.3715        1.36333    0.000924028
             95        1.37452        1.36344    0.000921807
             96        1.34703        1.36327     0.00092804
             97        1.35264        1.36316    0.000924938
             98        1.35585        1.36309    0.000918486
             99        1.36272        1.36308    0.000909168
            100        1.36353        1.36309    0.000900042
