              1       -3.84301       -3.84301              0
              2       -3.87813       -3.86057      0.0175566
              3       -3.87878       -3.86664      0.0118143
              4       -3.87897       -3.86972     0.00890469
              5       -3.88045       -3.87187     0.00722346
              6       -3.87861       -3.87299     0.00600411
              7         -3.881       -3.87414      0.0052019
              8       -3.87981       -3.87485     0.00456044
              9       -3.87882       -3.87529     0.00404605
             10        -3.8799       -3.87575     0.00364813
             11       -3.87914       -3.87606     0.00331421
             12       -3.87875       -3.87628      0.0030338
             13       -3.88084       -3.87663     0.00281261
             14       -3.87939       -3.87683     0.00261142
             15       -3.87892       -3.87697      0.0024351
             16       -3.87917        -3.8771     0.00228197
             17       -3.87846       -3.87718     0.00214503
             18       -3.87941       -3.87731     0.00202613
             19       -3.88029       -3.87747     0.00192293
             20       -3.87802       -3.87749     0.00182447
             21       -3.87839       -3.87754     0.00173594
             22       -3.87721       -3.87752     0.00165522
             23       -3.87867       -3.87757     0.00158241
             24        -3.8774       -3.87756     0.00151506
             25       -3.88035       -3.87768     0.00145747
             26       -3.87967       -3.87775     0.00140238
             27        -3.8805       -3.87785     0.00135327
             28       -3.87934       -3.87791     0.00130512
             29        -3.8802       -3.87799     0.00126179
             30       -3.87889       -3.87802     0.00121938
             31       -3.87903       -3.87805     0.00117984
             32       -3.88088       -3.87814      0.0011458
             33       -3.87873       -3.87816     0.00111068
             34       -3.87784       -3.87815     0.00107756
             35       -3.87908       -3.87817     0.00104665
             36        -3.8789       -3.87819     0.00101737
             37        -3.8791       -3.87822    0.000989789
             38       -3.87951       -3.87825    0.000963993
             39       -3.88019        -3.8783    0.000940266
             40       -3.87893       -3.87832    0.000916592
             41       -3.87914       -3.87834    0.000894182
             42       -3.88014       -3.87838    0.000873691
             43       -3.87874       -3.87839    0.000853172
             44       -3.87818       -3.87838    0.000833569
             45       -3.88032       -3.87843    0.000815976
             46       -3.87626       -3.87838    0.000799433
             47       -3.87966       -3.87841    0.000782715
             48       -3.87902       -3.87842    0.000766342
             49       -3.87845       -3.87842     0.00075054
             50       -3.87956       -3.87844    0.000735731
             51       -3.87954       -3.87846    0.000721483
             52       -3.87788       -3.87845    0.000707561
             53       -3.87832       -3.87845    0.000694087
             54       -3.87676       -3.87842    0.000681834
             55       -3.87725        -3.8784    0.000669657
             56       -3.87765       -3.87838    0.000657724
             57       -3.87814       -3.87838    0.000646096
             58       -3.87958        -3.8784    0.000635194
             59       -3.87998       -3.87843    0.000624906
             60       -3.87858       -3.87843    0.000614407
             61       -3.87803       -3.87842    0.000604288
             62       -3.87752       -3.87841     0.00059464
             63       -3.87809        -3.8784    0.000585147
             64        -3.8781        -3.8784    0.000575951
             65       -3.87926       -3.87841    0.000567177
             66       -3.87914       -3.87842    0.000558625
             67       -3.88046       -3.87845    0.000551064
             68       -3.88006       -3.87848    0.000543415
             69       -3.87907       -3.87849     0.00053555
             70       -3.87875       -3.87849    0.000527857
             71       -3.87958       -3.87851    0.000520594
             72       -3.87768       -3.87849    0.000513441
             73       -3.87837       -3.87849    0.000506362
             74       -3.87852       -3.87849    0.000499472
             75       -3.88065       -3.87852    0.000493609
             76       -3.88019       -3.87854    0.000487564
             77       -3.88039       -3.87857    0.000481786
             78       -3.88108        -3.8786    0.000476657
             79       -3.87836        -3.8786    0.000470594
             80       -3.87835       -3.87859    0.000464685
             81       -3.87821       -3.87859    0.000458937
             82       -3.87759       -3.87858    0.000453468
             83       -3.87957       -3.87859    0.000448133
             84       -3.87797       -3.87858    0.000442828
             85       -3.87938       -3.87859    0.000437688
             86       -3.87845       -3.87859    0.000432571
             87       -3.87916        -3.8786    0.000427621
             88       -3.88024       -3.87861    0.000423144
             89       -3.87904       -3.87862     0.00041839
             90       -3.87953       -3.87863     0.00041384
             91       -3.87857       -3.87863    0.000409267
             92       -3.87877       -3.87863    0.000404797
             93       -3.87986       -3.87864    0.000400638
             94       -3.87939       -3.87865    0.000396434
             95        -3.8783       -3.87865    0.000392256
             96        -3.8805       -3.87867    0.000388626
             97       -3.88025       -3.87868    0.000384943
             98       -3.88121       -3.87871    0.000381866
             99        -3.8796       -3.87872    0.000378095
            100       -3.87717        -3.8787    0.000374615
