              1       0.801724       0.801724              0
              2       0.795532       0.798628     0.00309594
              3       0.803507       0.800254     0.00241651
              4       0.804411       0.801293     0.00199987
              5       0.796854       0.800406     0.00178547
              6       0.810184       0.802035     0.00218659
              7       0.802491         0.8021     0.00184915
              8       0.799239       0.801743     0.00164087
              9       0.812327       0.802919     0.00186469
             10        0.80129       0.802756     0.00167576
             11        0.80116       0.802611     0.00152271
             12       0.806739       0.802955     0.00143198
             13       0.799647         0.8027     0.00134158
             14       0.815229       0.803595     0.00153088
             15       0.800306       0.803376     0.00144194
             16       0.799617       0.803141     0.00136912
             17       0.800442       0.802982     0.00129582
             18       0.802335       0.802946     0.00122224
             19       0.811135       0.803377     0.00123384
             20       0.799802       0.803199      0.0011841
             21        0.80818       0.803436     0.00115101
             22       0.796709        0.80313     0.00113925
             23       0.799136       0.802956     0.00110235
             24       0.799469       0.802811     0.00106537
             25       0.805376       0.802914     0.00102701
             26       0.800864       0.802835    0.000989861
             27       0.798958       0.802691    0.000963257
             28        0.81128       0.802998    0.000977584
             29       0.800897       0.802925    0.000946049
             30       0.806525       0.803045    0.000921811
             31        0.80481       0.803102    0.000893395
             32       0.801223       0.803044    0.000867017
             33       0.804506       0.803088    0.000841501
             34       0.811865       0.803346    0.000856219
             35       0.803164       0.803341    0.000831412
             36       0.803253       0.803339     0.00080799
             37       0.800947       0.803274    0.000788502
             38       0.804443       0.803305    0.000768089
             39       0.800877       0.803242    0.000750719
             40       0.798866       0.803133    0.000739845
             41       0.807058       0.803229    0.000727896
             42       0.796522       0.803069    0.000728082
             43         0.8018        0.80304    0.000711561
             44       0.796448        0.80289    0.000711157
             45       0.809514       0.803037    0.000710587
             46       0.806084       0.803103    0.000698117
             47       0.800774       0.803054    0.000684897
             48       0.803175       0.803056    0.000670481
             49       0.806872       0.803134    0.000661257
             50       0.802744       0.803126    0.000647944
             51        0.80424       0.803148    0.000635487
             52       0.800871       0.803104    0.000624684
             53       0.808922       0.803214    0.000622538
             54       0.800798       0.803169    0.000612537
             55       0.808961       0.803275    0.000610449
             56        0.79819       0.803184    0.000606287
             57       0.800459       0.803136    0.000597471
             58       0.805844       0.803183    0.000588933
             59       0.812812       0.803346    0.000601434
             60       0.787121       0.803075    0.000650222
             61       0.807925       0.803155    0.000644397
             62       0.796711       0.803051    0.000642383
             63       0.805259       0.803086    0.000633074
             64       0.796766       0.802987     0.00063088
             65       0.801363       0.802962    0.000621601
             66       0.803463        0.80297    0.000612157
             67       0.808348        0.80305     0.00060827
             68        0.79328       0.802907    0.000616242
             69       0.805166       0.802939    0.000608128
             70        0.80371        0.80295    0.000599479
             71       0.799195       0.802897    0.000593337
             72       0.804934       0.802926    0.000585721
             73        0.80725       0.802985    0.000580671
             74       0.805453       0.803018     0.00057374
             75       0.803234       0.803021    0.000566046
             76       0.802652       0.803016    0.000558569
             77       0.798343       0.802956    0.000554598
             78       0.808188       0.803023    0.000551536
             79       0.794623       0.802916    0.000554793
             80       0.807917       0.802979    0.000551369
             81        0.80398       0.802991    0.000544659
             82       0.803666       0.802999    0.000538039
             83       0.806375        0.80304    0.000533071
             84       0.795226       0.802947     0.00053484
             85       0.812173       0.803056    0.000539541
             86       0.797675       0.802993    0.000536889
             87       0.806681       0.803035    0.000532372
             88       0.800517       0.803007    0.000527065
             89       0.802987       0.803007    0.000521109
             90       0.801777       0.802993    0.000515468
             91       0.796671       0.802923    0.000514484
             92       0.803629       0.802931    0.000508919
             93       0.802644       0.802928    0.000503426
             94       0.805456       0.802955    0.000498767
             95       0.801198       0.802936    0.000493836
             96       0.810365       0.803014    0.000494754
             97       0.800181       0.802985    0.000490497
             98        0.80277       0.802982    0.000485471
             99       0.804284       0.802996    0.000480722
            100          0.798       0.802946    0.000478505
