              1        1.37717        1.37717              0
              2        1.40854        1.39286      0.0156856
              3        1.39974        1.39515     0.00934201
              4        1.40989        1.39884     0.00756454
              5        1.39329        1.39773     0.00596363
              6        1.39677        1.39757     0.00487188
              7        1.40834        1.39911      0.0043959
              8        1.41553        1.40116     0.00432533
              9        1.38723        1.39961     0.00411649
             10        1.40441        1.40009     0.00371296
             11        1.40345         1.4004     0.00337235
             12        1.38964         1.3995     0.00320626
             13        1.40853         1.4002     0.00303001
             14        1.40912        1.40083     0.00287673
             15        1.40678        1.40123     0.00270733
             16        1.38815        1.40041     0.00266111
             17        1.41038          1.401     0.00256749
             18        1.39286        1.40055     0.00246254
             19        1.41022        1.40105     0.00238427
             20        1.39319        1.40066     0.00229586
             21         1.4115        1.40118     0.00224395
             22        1.38273        1.40034     0.00229791
             23        1.39541        1.40012     0.00220617
             24        1.39402        1.39987      0.0021275
             25        1.39191        1.39955     0.00206534
             26        1.42557        1.40055     0.00222234
             27        1.40214        1.40061     0.00213926
             28        1.39973        1.40058     0.00206168
             29        1.39551        1.40041     0.00199697
             30        1.39794        1.40032       0.001931
             31         1.4062        1.40051     0.00187728
             32         1.3873         1.4001     0.00186395
             33        1.38627        1.39968     0.00185457
             34        1.41425        1.40011     0.00184949
             35        1.39035        1.39983     0.00181738
             36        1.41153        1.40016     0.00179585
             37        1.40064        1.40017     0.00174668
             38         1.4067        1.40034     0.00170876
             39        1.39366        1.40017     0.00167315
             40        1.40027        1.40017     0.00163079
             41        1.40447        1.40028     0.00159397
             42        1.38754        1.39997     0.00158484
             43         1.4119        1.40025     0.00157219
             44        1.39762        1.40019     0.00153721
             45        1.40126        1.40021     0.00150285
             46        1.38375        1.39986     0.00151276
             47        1.42524         1.4004     0.00157567
             48        1.39171        1.40022     0.00155307
             49        1.40171        1.40025     0.00152135
             50        1.41081        1.40046      0.0015055
             51        1.40998        1.40064     0.00148745
             52        1.40432        1.40071     0.00146027
             53         1.4071        1.40084     0.00143752
             54        1.39897         1.4008     0.00141107
             55        1.38896        1.40059      0.0014018
             56        1.40062        1.40059     0.00137654
             57        1.39615        1.40051     0.00135441
             58        1.42065        1.40086     0.00137542
             59        1.39438        1.40075     0.00135636
             60        1.39742        1.40069     0.00133471
             61        1.39238        1.40055     0.00131969
             62        1.39592        1.40048     0.00130038
             63        1.40168         1.4005     0.00127972
             64         1.4252        1.40088     0.00131736
             65        1.38457        1.40063     0.00132101
             66        1.41427        1.40084     0.00131715
             67        1.39163         1.4007      0.0013046
             68        1.41597        1.40093     0.00130474
             69        1.40682        1.40101     0.00128852
             70        1.38379        1.40077      0.0012936
             71        1.41508        1.40097     0.00129109
             72        1.39769        1.40092     0.00127384
             73         1.4052        1.40098     0.00125764
             74        1.41012         1.4011     0.00124665
             75        1.39096        1.40097     0.00123734
             76         1.4284        1.40133     0.00127319
             77        1.38635        1.40114     0.00127151
             78        1.39824         1.4011     0.00125565
             79        1.39852        1.40107     0.00124008
             80        1.39126        1.40094      0.0012306
             81        1.40189        1.40096     0.00121537
             82        1.40724        1.40103      0.0012029
             83        1.39661        1.40098     0.00118951
             84        1.42293        1.40124     0.00120396
             85        1.40838        1.40132     0.00119267
             86        1.39349        1.40123     0.00118224
             87        1.39391        1.40115      0.0011716
             88        1.41874        1.40135     0.00117533
             89        1.39544        1.40128     0.00116394
             90        1.40593        1.40133     0.00115209
             91         1.3959        1.40127     0.00114092
             92        1.39494        1.40121     0.00113055
             93        1.41835        1.40139     0.00113343
             94        1.39488        1.40132     0.00112344
             95        1.40359        1.40134     0.00111181
             96        1.38432        1.40117     0.00111437
             97        1.40175        1.40117     0.00110283
             98        1.39775        1.40114     0.00109208
             99        1.39185        1.40104     0.00108506
            100        1.39671          1.401     0.00107503
