              1        1.06202        1.06202              0
              2        1.07787        1.06995     0.00792618
              3        1.18329        1.10773      0.0380568
              4        1.36841         1.1729      0.0705093
              5        1.12647        1.16361         0.0554
              6        1.09982        1.15298      0.0464664
              7        1.13708        1.15071       0.039337
              8        1.18296        1.15474      0.0343045
              9        1.19078        1.15874      0.0305176
             10        1.15431         1.1583      0.0272993
             11        1.12834        1.15558      0.0248429
             12        1.21688        1.16069      0.0232467
             13        1.08977        1.15523      0.0220687
             14        1.19082        1.15777      0.0205891
             15        1.18922        1.15987      0.0192817
             16        1.19208        1.16188      0.0181484
             17        1.20215        1.16425      0.0172112
             18        1.12249        1.16193      0.0163919
             19        1.14429          1.161      0.0155329
             20         1.2484        1.16537      0.0153701
             21        1.17204        1.16569      0.0146233
             22        1.10597        1.16298      0.0142046
             23        1.14748         1.1623      0.0135897
             24         1.2639        1.16654      0.0136825
             25        1.22036        1.16869      0.0132992
             26        1.06706        1.16478       0.013362
             27        1.09251         1.1621      0.0131332
             28        1.22059        1.16419      0.0128267
             29        1.16976        1.16438       0.012378
             30         1.1689        1.16453      0.0119593
             31        1.17389        1.16484       0.011571
             32        1.22991        1.16687      0.0113866
             33        1.17311        1.16706      0.0110378
             34        1.06886        1.16417      0.0110909
             35        1.12479        1.16305       0.010828
             36        1.16007        1.16296      0.0105233
             37         1.2404        1.16506      0.0104467
             38        1.15559        1.16481      0.0101711
             39        1.16733        1.16487      0.0099071
             40         1.2255        1.16639      0.0097745
             41        1.05832        1.16375     0.00989079
             42        1.20748        1.16479      0.0097084
             43        1.08621        1.16296     0.00965447
             44         1.1564        1.16282     0.00943368
             45        1.18702        1.16335     0.00923734
             46        1.18754        1.16388     0.00904958
             47        1.21175         1.1649     0.00891334
             48        1.13958        1.16437     0.00874159
             49        1.11473        1.16336     0.00862107
             50        1.18431        1.16378     0.00845727
             51        1.13642        1.16324     0.00830713
             52        1.09756        1.16198     0.00824316
             53         1.2341        1.16334     0.00819982
             54        1.21497        1.16429     0.00810316
             55        1.17828        1.16455     0.00795853
             56        1.06025        1.16269     0.00803399
             57        1.16688        1.16276     0.00789213
             58        1.13538        1.16229     0.00776922
             59        1.25631        1.16388      0.0078009
             60        1.24255        1.16519     0.00778105
             61        1.11326        1.16434     0.00769965
             62         1.1022        1.16334     0.00764047
             63        1.16883        1.16343     0.00751872
             64        1.16527        1.16345     0.00740036
             65        1.17818        1.16368     0.00728915
             66        1.17273        1.16382     0.00717916
             67        1.21501        1.16458     0.00711236
             68        1.13881         1.1642     0.00701723
             69        1.17365        1.16434     0.00691614
             70        1.16434        1.16434     0.00681662
             71        1.13044        1.16386     0.00673686
             72        1.18667        1.16418     0.00665018
             73        1.17624        1.16434     0.00656053
             74        1.16654        1.16437     0.00647133
             75        1.18424        1.16464     0.00638996
             76        1.15775        1.16455     0.00630597
             77        1.20974        1.16514     0.00625114
             78        1.19585        1.16553     0.00618303
             79        1.11638        1.16491     0.00613589
             80        1.17523        1.16504     0.00606008
             81        1.12547        1.16455     0.00600469
             82        1.18801        1.16483     0.00593791
             83        1.18566        1.16508      0.0058713
             84        1.17833        1.16524     0.00580312
             85        1.15577        1.16513     0.00573553
             86        1.17784        1.16528     0.00567037
             87        1.17547         1.1654     0.00560604
             88        1.19254         1.1657     0.00555055
             89        1.09543        1.16491     0.00554433
             90        1.24023        1.16575     0.00554588
             91        1.18456        1.16596     0.00548849
             92        1.09228        1.16516     0.00548727
             93        1.13121        1.16479      0.0054402
             94        1.19291        1.16509     0.00539032
             95        1.19022        1.16536     0.00533983
             96        1.14031        1.16509     0.00529035
             97        1.13933        1.16483     0.00524226
             98        1.22968        1.16549     0.00523052
             99        1.10465        1.16488     0.00521376
            100        1.22009        1.16543      0.0051908
