              1        2.06576        2.06576              0
              2        2.11281        2.08928      0.0235284
              3        2.09961        2.09272       0.014013
              4        2.11484        2.09825      0.0113468
              5        2.08993        2.09659     0.00894545
              6        2.09516        2.09635     0.00730782
              7        2.11252        2.09866     0.00659385
              8         2.1233        2.10174     0.00648799
              9        2.08085        2.09942     0.00617473
             10        2.10661        2.10014     0.00556945
             11        2.10517         2.1006     0.00505852
             12        2.08447        2.09925      0.0048094
             13         2.1128        2.10029     0.00454502
             14        2.11368        2.10125      0.0043151
             15        2.11018        2.10184     0.00406099
             16        2.08223        2.10062     0.00399167
             17        2.11557         2.1015     0.00385123
             18        2.08929        2.10082     0.00369381
             19        2.11532        2.10158     0.00357641
             20        2.08978        2.10099      0.0034438
             21        2.11725        2.10177     0.00336593
             22         2.0741        2.10051     0.00344686
             23        2.09311        2.10019     0.00330926
             24        2.09103        2.09981     0.00319125
             25        2.08786        2.09933     0.00309802
             26        2.13835        2.10083     0.00333351
             27        2.10321        2.10092     0.00320888
             28         2.0996        2.10087     0.00309252
             29        2.09327        2.10061     0.00299546
             30        2.09691        2.10048     0.00289651
             31        2.10931        2.10077     0.00281593
             32        2.08096        2.10015     0.00279592
             33         2.0794        2.09952     0.00278186
             34        2.12137        2.10016     0.00277424
             35        2.08553        2.09975     0.00272607
             36         2.1173        2.10023     0.00269377
             37        2.10095        2.10025     0.00262003
             38        2.11005        2.10051     0.00256314
             39        2.09049        2.10025     0.00250973
             40         2.1004        2.10026     0.00244619
             41         2.1067        2.10041     0.00239095
             42        2.08131        2.09996     0.00237725
             43        2.11785        2.10038     0.00235829
             44        2.09643        2.10029     0.00230581
             45        2.10189        2.10032     0.00225427
             46        2.07563        2.09979     0.00226914
             47        2.13786         2.1006     0.00236351
             48        2.08757        2.10032     0.00232961
             49        2.10256        2.10037     0.00228203
             50        2.11621        2.10069     0.00225826
             51        2.11497        2.10097     0.00223117
             52        2.10647        2.10107      0.0021904
             53        2.11065        2.10125     0.00215627
             54        2.09845         2.1012      0.0021166
             55        2.08344        2.10088      0.0021027
             56        2.10092        2.10088     0.00206481
             57        2.09423        2.10076     0.00203162
             58        2.13098        2.10128     0.00206314
             59        2.09157        2.10112     0.00203453
             60        2.09613        2.10104     0.00200207
             61        2.08858        2.10083     0.00197954
             62        2.09388        2.10072     0.00195057
             63        2.10253        2.10075     0.00191957
             64         2.1378        2.10133     0.00197604
             65        2.07685        2.10095     0.00198151
             66        2.12141        2.10126     0.00197573
             67        2.08745        2.10105      0.0019569
             68        2.12395        2.10139      0.0019571
             69        2.11024        2.10152     0.00193279
             70        2.07568        2.10115      0.0019404
             71        2.12262        2.10145     0.00193663
             72        2.09654        2.10138     0.00191076
             73         2.1078        2.10147     0.00188645
             74        2.11518        2.10166     0.00186998
             75        2.08644        2.10145     0.00185601
             76         2.1426          2.102     0.00190979
             77        2.07953         2.1017     0.00190726
             78        2.09736        2.10165     0.00188347
             79        2.09778         2.1016     0.00186012
             80        2.08689        2.10142      0.0018459
             81        2.10283        2.10143     0.00182305
             82        2.11086        2.10155     0.00180435
             83        2.09492        2.10147     0.00178427
             84        2.13439        2.10186     0.00180594
             85        2.11256        2.10199       0.001789
             86        2.09023        2.10185     0.00177336
             87        2.09086        2.10172      0.0017574
             88        2.12811        2.10202     0.00176299
             89        2.09315        2.10192     0.00174592
             90        2.10889          2.102     0.00172814
             91        2.09386        2.10191     0.00171139
             92        2.09241        2.10181     0.00169583
             93        2.12753        2.10208     0.00170014
             94        2.09232        2.10198     0.00168516
             95        2.10539        2.10202     0.00166771
             96        2.07648        2.10175     0.00167155
             97        2.10263        2.10176     0.00165425
             98        2.09662        2.10171     0.00163812
             99        2.08777        2.10157     0.00162759
            100        2.09506         2.1015     0.00161254
