              1       -4.92313       -4.92313              0
              2       -4.96308       -4.94311       0.019976
              3       -4.98427       -4.95683      0.0179244
              4       -4.98451       -4.96375      0.0144401
              5       -5.06513       -4.98403      0.0231571
              6       -5.03162       -4.99196      0.0205043
              7       -4.98752       -4.99132      0.0173409
              8        -5.0394       -4.99733      0.0161755
              9       -5.07582       -5.00605      0.0167201
             10       -5.11275       -5.01672      0.0183709
             11       -5.12609       -5.02667      0.0193646
             12       -5.14087       -5.03618      0.0200765
             13       -5.11588       -5.04231      0.0194587
             14       -5.14963       -5.04998      0.0195782
             15       -5.02893       -5.04858      0.0182802
             16       -5.03093       -5.04747      0.0171351
             17       -5.02075        -5.0459      0.0161722
             18       -5.01246       -5.04404      0.0153601
             19       -4.98446       -5.04091      0.0148638
             20       -5.02448       -5.04009      0.0141249
             21       -4.92258       -5.03449      0.0145541
             22       -5.01606       -5.03365      0.0139021
             23       -5.13505       -5.03806      0.0139963
             24       -4.95164       -5.03446      0.0138758
             25       -4.96998       -5.03188      0.0135569
             26       -5.02212       -5.03151      0.0130304
             27       -5.06157       -5.03262      0.0125879
             28         -5.064       -5.03374      0.0121816
             29       -5.04509       -5.03413      0.0117606
             30       -4.97317        -5.0321      0.0115421
             31       -5.06433       -5.03314      0.0112119
             32       -4.98874       -5.03175      0.0109442
             33       -4.92665       -5.02857      0.0110752
             34       -5.01755       -5.02824      0.0107494
             35       -4.97911       -5.02684      0.0105317
             36       -5.08541       -5.02847      0.0103635
             37       -5.05341       -5.02914       0.010102
             38       -5.17957        -5.0331      0.0105995
             39       -5.07783       -5.03425      0.0103877
             40         -5.019       -5.03386      0.0101318
             41       -5.02573       -5.03367     0.00988361
             42       -5.01746       -5.03328     0.00965314
             43       -5.02096       -5.03299     0.00943032
             44       -5.04342       -5.03323     0.00921655
             45       -5.07916       -5.03425     0.00906704
             46       -5.06597       -5.03494     0.00889452
             47       -5.10266       -5.03638     0.00882167
             48       -5.07829       -5.03725     0.00867995
             49       -5.10452       -5.03863     0.00861109
             50        -5.0983       -5.03982     0.00852111
             51       -4.93513       -5.03777     0.00860089
             52       -5.08972       -5.03877     0.00849284
             53       -5.07948       -5.03954     0.00836639
             54       -5.11616       -5.04095     0.00833173
             55       -5.23869       -5.04455     0.00893411
             56        -5.1475       -5.04639     0.00896366
             57        -5.0661       -5.04673     0.00881179
             58       -5.05876       -5.04694     0.00866101
             59       -4.99306       -5.04603     0.00856179
             60        -5.0116       -5.04545     0.00843742
             61       -5.01216       -5.04491     0.00831588
             62       -5.01961        -5.0445     0.00819083
             63       -5.02775       -5.04423     0.00806415
             64       -4.99659       -5.04349     0.00797198
             65       -5.01109       -5.04299     0.00786419
             66       -5.03466       -5.04287     0.00774515
             67       -5.03724       -5.04278     0.00762914
             68       -5.00043       -5.04216     0.00754187
             69       -4.95016       -5.04083     0.00755043
             70       -4.99676        -5.0402     0.00746836
             71       -5.02271       -5.03995     0.00736654
             72       -4.92822        -5.0384     0.00742743
             73       -4.99359       -5.03778     0.00735065
             74       -5.00701       -5.03737     0.00726256
             75        -5.0277       -5.03724     0.00716623
             76       -5.14264       -5.03863     0.00720602
             77       -5.01223       -5.03828     0.00712008
             78       -5.00878        -5.0379     0.00703837
             79       -5.04261       -5.03796     0.00694896
             80       -5.03109       -5.03788     0.00686209
             81        -5.0233        -5.0377     0.00677923
             82       -4.93513       -5.03645     0.00681188
             83       -4.98382       -5.03581     0.00675911
             84       -5.05758       -5.03607     0.00668318
             85       -4.92294       -5.03474     0.00673688
             86       -5.06185       -5.03506     0.00666554
             87       -5.03327       -5.03504     0.00658851
             88       -5.01398        -5.0348      0.0065176
             89       -4.98227       -5.03421     0.00647092
             90       -5.07596       -5.03467     0.00641541
             91       -5.09399       -5.03532     0.00637793
             92       -5.09072       -5.03592      0.0063369
             93       -4.98867       -5.03542     0.00628895
             94       -4.92402       -5.03423     0.00633354
             95       -5.05337       -5.03443     0.00626975
             96       -5.07094       -5.03481     0.00621574
             97       -5.07751       -5.03525     0.00616706
             98       -5.15896       -5.03652     0.00623297
             99       -5.07775       -5.03693     0.00618373
            100       -5.01812       -5.03674     0.00612447
