              1      -0.332052      -0.332052              0
              2      -0.329356      -0.330704     0.00134831
              3      -0.338218      -0.333209     0.00262282
              4      -0.366988      -0.341653      0.0086461
              5      -0.400725      -0.353468      0.0135805
              6      -0.392362       -0.35995      0.0128443
              7      -0.359156      -0.359837       0.010856
              8      -0.382558      -0.362677     0.00982118
              9       -0.36741      -0.363203     0.00867742
             10      -0.364563      -0.363339     0.00776251
             11      -0.411967      -0.367759      0.0082972
             12      -0.389551      -0.369575     0.00778892
             13      -0.423501      -0.373724     0.00827895
             14      -0.414746      -0.376654      0.0082058
             15       -0.42247      -0.379708     0.00822718
             16      -0.412909      -0.381783     0.00797067
             17      -0.395487      -0.382589     0.00753041
             18      -0.429145      -0.385176     0.00755618
             19      -0.405577      -0.386249     0.00722764
             20      -0.408846      -0.387379      0.0069492
             21      -0.400076      -0.387984      0.0066376
             22      -0.392182      -0.388175     0.00633158
             23      -0.429934       -0.38999      0.0063166
             24       -0.44589       -0.39232      0.0064807
             25      -0.437317      -0.394119      0.0064714
             26      -0.440583      -0.395906     0.00646925
             27      -0.415768      -0.396642     0.00626835
             28      -0.411452      -0.397171     0.00606344
             29      -0.426377      -0.398178     0.00593667
             30      -0.364008      -0.397039     0.00584737
             31      -0.330974      -0.394908     0.00604381
             32      -0.349875      -0.393501     0.00601872
             33      -0.372396      -0.392861     0.00586844
             34      -0.433394      -0.394053      0.0058167
             35      -0.441806      -0.395418     0.00581052
             36      -0.477375      -0.397694     0.00608846
             37      -0.423101      -0.398381      0.0059613
             38      -0.407048      -0.398609     0.00580678
             39      -0.440931      -0.399694      0.0057591
             40      -0.426377      -0.400361     0.00565277
             41      -0.406886       -0.40052     0.00551547
             42      -0.400281      -0.400515     0.00538255
             43       -0.40608      -0.400644     0.00525748
             44      -0.437979      -0.401493     0.00520621
             45       -0.40578      -0.401588     0.00509009
             46      -0.409024       -0.40175     0.00498083
             47      -0.399341      -0.401698     0.00487398
             48      -0.398345      -0.401628     0.00477187
             49      -0.371468      -0.401013     0.00471383
             50      -0.402194      -0.401037     0.00461865
             51       -0.38166      -0.400657     0.00454309
             52      -0.409227      -0.400821     0.00445792
             53      -0.394675      -0.400705     0.00437453
             54      -0.380307      -0.400328     0.00430935
             55      -0.352499      -0.399458     0.00431873
             56      -0.343294      -0.398455     0.00435789
             57      -0.386615      -0.398247     0.00428579
             58      -0.419916      -0.398621     0.00422779
             59      -0.391609      -0.398502     0.00415721
             60      -0.403298      -0.398582     0.00408812
             61      -0.386328      -0.398381     0.00402556
             62      -0.330714       -0.39729     0.00410774
             63      -0.333471      -0.396277     0.00416701
             64      -0.345983      -0.395491     0.00417599
             65      -0.362538      -0.394984     0.00414239
             66       -0.35976       -0.39445      0.0041139
             67      -0.373115      -0.394132     0.00406453
             68      -0.377306      -0.393884     0.00401195
             69      -0.400108      -0.393975     0.00395441
             70      -0.460789      -0.394929     0.00401268
             71      -0.466165      -0.395932     0.00408102
             72      -0.373028      -0.395614     0.00403649
             73      -0.370824      -0.395275     0.00399527
             74      -0.398728      -0.395321     0.00394119
             75      -0.394239      -0.395307     0.00388831
             76      -0.393633      -0.395285     0.00383687
             77      -0.366625      -0.394913     0.00380496
             78      -0.380862      -0.394733     0.00376018
             79       -0.42811      -0.395155     0.00373624
             80       -0.44703      -0.395804      0.0037458
             81      -0.410462      -0.395985     0.00370369
             82        -0.3938      -0.395958     0.00365834
             83      -0.412328      -0.396155     0.00361937
             84      -0.401512      -0.396219     0.00357659
             85      -0.416335      -0.396456     0.00354218
             86      -0.413349      -0.396652     0.00350626
             87      -0.370021      -0.396346     0.00347921
             88      -0.346687      -0.395782     0.00348543
             89      -0.377436      -0.395575     0.00345221
             90      -0.375845      -0.395356     0.00342067
             91      -0.375474      -0.395138     0.00338992
             92      -0.412754      -0.395329     0.00335833
             93       -0.43005      -0.395703     0.00334294
             94       -0.39152      -0.395658     0.00330748
             95      -0.401518       -0.39572     0.00327306
             96      -0.383338      -0.395591     0.00324135
             97      -0.414001      -0.395781     0.00321337
             98      -0.440027      -0.396232      0.0032123
             99      -0.467624      -0.396953     0.00326044
            100      -0.450172      -0.397485     0.00327125
