              1         1.8724         1.8724              0
              2        1.88064        1.87652     0.00412158
              3        1.91459        1.88921      0.0129122
              4        1.95497        1.90565      0.0188052
              5        1.96689         1.9179       0.019032
              6        1.94959        1.92318      0.0164127
              7        1.98761        1.93238      0.0166472
              8        2.01441        1.94264      0.0176909
              9        2.02939        1.95228      0.0183397
             10        2.03179        1.96023      0.0182291
             11        2.04623        1.96804      0.0182485
             12        2.06295        1.97595      0.0184406
             13         2.0641        1.98273      0.0182677
             14        2.04047        1.98686      0.0174083
             15        2.07001         1.9924       0.017128
             16        2.07455        1.99754      0.0168244
             17        2.06937        2.00176       0.016359
             18        2.04623        2.00423      0.0156199
             19        2.09443        2.00898      0.0155189
             20         2.0801        2.01254      0.0151459
             21        2.07917        2.01571      0.0147519
             22        2.06349        2.01788      0.0142321
             23        2.08598        2.02084      0.0139178
             24        2.07503         2.0231      0.0135153
             25         2.0829        2.02549      0.0131822
             26        2.03703        2.02593      0.0126729
             27        2.08426        2.02809      0.0123843
             28        2.11327        2.03114      0.0123154
             29        2.09651        2.03339       0.012095
             30        2.05863        2.03423      0.0117152
             31        2.04189        2.03448      0.0113336
             32        2.05684        2.03518       0.010996
             33        2.06546         2.0361       0.010697
             34        2.08216        2.03745      0.0104657
             35        2.05033        2.03782      0.0101689
             36        2.06286        2.03851     0.00990686
             37        2.08195        2.03969     0.00970665
             38        2.07369        2.04058     0.00949003
             39        2.06871         2.0413     0.00927158
             40        2.08363        2.04236     0.00909856
             41        2.09069        2.04354     0.00895183
             42        2.05833        2.04389     0.00874318
             43        2.12174         2.0457     0.00872726
             44        2.11522        2.04728     0.00867176
             45        2.10847        2.04864     0.00858522
             46        2.08295        2.04939     0.00842957
             47        2.04884        2.04938     0.00824828
             48        2.09161        2.05026      0.0081224
             49        2.06767        2.05061     0.00796284
             50         2.0869        2.05134     0.00783565
             51        2.06886        2.05168     0.00768815
             52        2.06816          2.052     0.00754551
             53        2.08326        2.05259     0.00742523
             54        2.08394        2.05317     0.00730953
             55        2.08718        2.05379       0.007202
             56        2.06685        2.05402     0.00707607
             57        2.12039        2.05519     0.00704766
             58        2.07286        2.05549     0.00693178
             59        2.07938        2.05589     0.00682531
             60        2.11959        2.05696     0.00679403
             61        2.10481        2.05774     0.00672761
             62        2.08406        2.05817     0.00663181
             63        2.08801        2.05864     0.00654286
             64        2.09552        2.05922     0.00646555
             65        2.08782        2.05966     0.00638049
             66        2.09077        2.06013     0.00630074
             67        2.10983        2.06087     0.00625017
             68        2.13142        2.06191     0.00624436
             69        2.11283        2.06264     0.00619731
             70        2.10142         2.0632      0.0061332
             71         2.1158        2.06394     0.00609141
             72        2.12038        2.06472     0.00605716
             73         2.1273        2.06558     0.00603481
             74        2.11707        2.06628     0.00599323
             75        2.09786         2.0667     0.00592775
             76        2.06837        2.06672     0.00584927
             77        2.07342        2.06681     0.00577347
             78        2.07966        2.06697     0.00570135
             79        2.07258        2.06704     0.00562916
             80        2.09268        2.06736     0.00556759
             81        2.09311        2.06768      0.0055076
             82        2.07069        2.06772     0.00544014
             83        2.10148        2.06812     0.00538957
             84        2.11095        2.06863     0.00534938
             85        2.09282        2.06892     0.00529372
             86        2.11225        2.06942     0.00525601
             87        2.04181         2.0691     0.00520493
             88        2.10734        2.06954     0.00516375
             89        2.10205         2.0699     0.00511846
             90        2.10157        2.07026     0.00507348
             91        2.10087        2.07059     0.00502868
             92        2.06292        2.07051     0.00497442
             93        2.06772        2.07048     0.00492073
             94        2.07056        2.07048      0.0048681
             95        2.07876        2.07057     0.00481738
             96        2.04458         2.0703     0.00477461
             97          2.062        2.07021     0.00472591
             98        2.05112        2.07002     0.00468149
             99        2.03426        2.06965     0.00464801
            100        2.04072        2.06937     0.00461039
