              1        -3.2984        -3.2984              0
              2       -3.32628       -3.31234      0.0139439
              3       -3.33002       -3.31823     0.00997749
              4       -3.33226       -3.32174     0.00787854
              5       -3.33095       -3.32358     0.00637443
              6        -3.3287       -3.32444     0.00527407
              7       -3.32927       -3.32513     0.00451053
              8       -3.32831       -3.32552     0.00392646
              9       -3.33069        -3.3261     0.00351002
             10       -3.32631       -3.32612     0.00313953
             11        -3.3311       -3.32657     0.00287573
             12       -3.33019       -3.32687     0.00264245
             13        -3.3292       -3.32705      0.0024373
             14       -3.33329        -3.3275     0.00230013
             15       -3.32917       -3.32761      0.0021442
             16       -3.32854       -3.32767     0.00200656
             17       -3.33068       -3.32785     0.00189312
             18       -3.32976       -3.32795     0.00178801
             19       -3.33053       -3.32809     0.00169671
             20       -3.32965       -3.32817     0.00161155
             21       -3.32881        -3.3282      0.0015332
             22       -3.32892       -3.32823     0.00146222
             23       -3.32909       -3.32827      0.0013977
             24       -3.33045       -3.32836     0.00134127
             25       -3.32734       -3.32832     0.00128715
             26       -3.32902       -3.32834     0.00123695
             27       -3.32884       -3.32836      0.0011904
             28       -3.32826       -3.32836      0.0011471
             29       -3.33038       -3.32843     0.00110903
             30       -3.32837       -3.32843     0.00107143
             31       -3.32788       -3.32841     0.00103644
             32       -3.32792       -3.32839     0.00100364
             33       -3.32717       -3.32836    0.000973459
             34       -3.32868       -3.32837    0.000944442
             35       -3.32839       -3.32837    0.000917062
             36       -3.32868       -3.32838    0.000891267
             37       -3.33024       -3.32843    0.000868312
             38       -3.33237       -3.32853    0.000851512
             39       -3.32953       -3.32856    0.000829788
             40       -3.33096       -3.32862    0.000811016
             41        -3.3296       -3.32864    0.000791349
             42       -3.33232       -3.32873    0.000777226
             43       -3.33075       -3.32877    0.000760395
             44       -3.32869       -3.32877    0.000742915
             45        -3.3295       -3.32879    0.000726398
             46       -3.33053       -3.32883    0.000711443
             47        -3.3291       -3.32883    0.000696166
             48       -3.32862       -3.32883    0.000681522
             49       -3.32667       -3.32878    0.000668917
             50       -3.32994       -3.32881    0.000655808
             51       -3.33291       -3.32889    0.000647838
             52       -3.33043       -3.32892    0.000635953
             53       -3.32961       -3.32893    0.000623975
             54       -3.32787       -3.32891    0.000612628
             55       -3.32886       -3.32891    0.000601387
             56       -3.32862        -3.3289    0.000590573
             57       -3.32762       -3.32888    0.000580557
             58       -3.33118       -3.32892    0.000571837
             59       -3.33098       -3.32896    0.000563146
             60       -3.33098       -3.32899    0.000554705
             61       -3.32916       -3.32899    0.000545543
             62       -3.32697       -3.32896    0.000537663
             63       -3.32652       -3.32892     0.00053048
             64       -3.32996       -3.32894    0.000522379
             65       -3.32857       -3.32893     0.00051431
             66       -3.32951       -3.32894    0.000506534
             67       -3.32981       -3.32895    0.000499085
             68       -3.33037       -3.32898    0.000492132
             69       -3.33141       -3.32901    0.000486232
             70       -3.32875       -3.32901     0.00047925
             71       -3.32807       -3.32899    0.000472636
             72       -3.32901       -3.32899    0.000466025
             73       -3.32912         -3.329      0.0004596
             74       -3.33068       -3.32902    0.000453918
             75       -3.32971       -3.32903     0.00044792
             76       -3.32617       -3.32899    0.000443585
             77        -3.3287       -3.32899    0.000437803
             78        -3.3293       -3.32899    0.000432172
             79       -3.33128       -3.32902    0.000427651
             80        -3.3289       -3.32902    0.000422274
             81       -3.32986       -3.32903    0.000417157
             82       -3.32853       -3.32902    0.000412084
             83        -3.3273         -3.329    0.000407616
             84       -3.32865         -3.329    0.000402756
             85       -3.32919         -3.329    0.000397996
             86       -3.32786       -3.32899    0.000393564
             87       -3.32744       -3.32897    0.000389418
             88       -3.32641       -3.32894    0.000386066
             89       -3.32716       -3.32892    0.000382229
             90       -3.33152       -3.32895    0.000379058
             91       -3.33026       -3.32896    0.000375145
             92       -3.32928       -3.32897    0.000371061
             93       -3.33029       -3.32898    0.000367327
             94       -3.33062         -3.329    0.000363818
             95       -3.32933         -3.329    0.000359984
             96       -3.33003       -3.32901    0.000356374
             97       -3.32953       -3.32902    0.000352722
             98       -3.33132       -3.32904    0.000349896
             99       -3.33155       -3.32907    0.000347272
            100       -3.32629       -3.32904    0.000344903
