              1        1.24826        1.24826              0
              2        1.25376        1.25101     0.00274772
              3        1.27639        1.25947     0.00860812
              4        1.30331        1.27043      0.0125368
              5        1.31126         1.2786       0.012688
              6        1.29972        1.28212      0.0109418
              7        1.32507        1.28826      0.0110981
              8        1.34294        1.29509      0.0117939
              9        1.35293        1.30152      0.0122264
             10        1.35453        1.30682      0.0121527
             11        1.36415        1.31203      0.0121657
             12         1.3753         1.3173      0.0122937
             13        1.37606        1.32182      0.0121785
             14        1.36032        1.32457      0.0116055
             15           1.38        1.32827      0.0114187
             16        1.38304        1.33169      0.0112163
             17        1.37958        1.33451       0.010906
             18        1.36415        1.33615      0.0104133
             19        1.39629        1.33932      0.0103459
             20        1.38674        1.34169      0.0100973
             21        1.38611        1.34381     0.00983462
             22        1.37566        1.34525     0.00948808
             23        1.39065        1.34723     0.00927854
             24        1.38336        1.34873     0.00901017
             25         1.3886        1.35033     0.00878816
             26        1.35802        1.35062     0.00844857
             27         1.3895        1.35206      0.0082562
             28        1.40884        1.35409     0.00821025
             29        1.39767        1.35559     0.00806335
             30        1.37242        1.35615     0.00781011
             31        1.36126        1.35632     0.00755576
             32        1.37123        1.35679     0.00733065
             33        1.37698         1.3574     0.00713133
             34         1.3881         1.3583     0.00697711
             35        1.36689        1.35855     0.00677928
             36        1.37524        1.35901     0.00660458
             37        1.38797        1.35979      0.0064711
             38        1.38246        1.36039     0.00632668
             39        1.37914        1.36087     0.00618105
             40        1.38909        1.36157     0.00606571
             41         1.3938        1.36236     0.00596788
             42        1.37222         1.3626     0.00582879
             43        1.41449         1.3638     0.00581817
             44        1.41015        1.36486     0.00578117
             45        1.40565        1.36576     0.00572348
             46        1.38864        1.36626     0.00561972
             47        1.36589        1.36625     0.00549885
             48         1.3944        1.36684     0.00541493
             49        1.37845        1.36708     0.00530856
             50        1.39127        1.36756     0.00522376
             51        1.37924        1.36779     0.00512544
             52        1.37877          1.368     0.00503034
             53        1.38884        1.36839     0.00495016
             54        1.38929        1.36878     0.00487302
             55        1.39146        1.36919     0.00480133
             56         1.3779        1.36935     0.00471738
             57        1.41359        1.37012     0.00469844
             58        1.38191        1.37033     0.00462119
             59        1.38625         1.3706      0.0045502
             60        1.41306         1.3713     0.00452935
             61         1.4032        1.37183     0.00448508
             62        1.38937        1.37211     0.00442121
             63        1.39201        1.37243     0.00436191
             64        1.39701        1.37281     0.00431037
             65        1.39188         1.3731     0.00425366
             66        1.39385        1.37342     0.00420049
             67        1.40655        1.37391     0.00416678
             68        1.42095         1.3746     0.00416291
             69        1.40856         1.3751     0.00413154
             70        1.40095        1.37547      0.0040888
             71        1.41053        1.37596     0.00406094
             72        1.41359        1.37648     0.00403811
             73         1.4182        1.37705     0.00402321
             74        1.41138        1.37752     0.00399548
             75        1.39857         1.3778     0.00395183
             76        1.37892        1.37781     0.00389952
             77        1.38228        1.37787     0.00384898
             78        1.38644        1.37798      0.0038009
             79        1.38172        1.37803     0.00375278
             80        1.39512        1.37824     0.00371172
             81        1.39541        1.37845     0.00367173
             82        1.38046        1.37848     0.00362676
             83        1.40098        1.37875     0.00359305
             84         1.4073        1.37909     0.00356625
             85        1.39521        1.37928     0.00352915
             86        1.40816        1.37961     0.00350401
             87        1.36121         1.3794     0.00346995
             88        1.40489        1.37969      0.0034425
             89        1.40137        1.37994      0.0034123
             90        1.40105        1.38017     0.00338232
             91        1.40058         1.3804     0.00335245
             92        1.37528        1.38034     0.00331628
             93        1.37848        1.38032     0.00328049
             94        1.38037        1.38032      0.0032454
             95        1.38584        1.38038     0.00321158
             96        1.36305         1.3802     0.00318307
             97        1.37466        1.38014     0.00315061
             98        1.36741        1.38001     0.00312099
             99        1.35618        1.37977     0.00309868
            100        1.36048        1.37958     0.00307359
