              1        1.08291        1.08291              0
              2        1.07347        1.07819     0.00472361
              3        1.12414        1.09351      0.0155574
              4        1.12898        1.10237      0.0141306
              5        1.11011        1.10392      0.0110543
              6        1.13768        1.10955      0.0106361
              7        1.14542        1.11467      0.0103474
              8        1.12431        1.11588     0.00904165
              9        1.12576        1.11698     0.00804923
             10        1.11788        1.11707     0.00720001
             11        1.12739          1.118     0.00657989
             12        1.11331        1.11761     0.00601931
             13        1.11396        1.11733      0.0055441
             14         1.1549        1.12001     0.00579194
             15        1.13039        1.12071     0.00543619
             16        1.10688        1.11984     0.00515801
             17        1.11194        1.11938     0.00486736
             18        1.14481        1.12079     0.00480163
             19          1.116        1.12054     0.00454888
             20        1.11064        1.12004     0.00434375
             21        1.11551        1.11983     0.00413736
             22        1.08669        1.11832     0.00422253
             23        1.13814        1.11918     0.00412572
             24         1.1319        1.11971     0.00398544
             25        1.10336        1.11906     0.00387825
             26        1.10435        1.11849     0.00376879
             27        1.11767        1.11846     0.00362665
             28        1.10458        1.11797     0.00352973
             29        1.11826        1.11798     0.00340586
             30        1.09165         1.1171     0.00340543
             31        1.08257        1.11599     0.00347693
             32         1.0857        1.11504     0.00349699
             33        1.13093        1.11552     0.00342342
             34          1.107        1.11527     0.00333064
             35        1.12165        1.11545     0.00323922
             36        1.10726        1.11523     0.00315618
             37        1.14102        1.11592     0.00314789
             38        1.11685        1.11595     0.00306403
             39        1.11441        1.11591     0.00298469
             40        1.11331        1.11584     0.00290984
             41        1.10904        1.11568     0.00284283
             42        1.14489        1.11637     0.00286016
             43        1.13087        1.11671     0.00281313
             44         1.1289        1.11699     0.00276238
             45        1.12065        1.11707     0.00270152
             46        1.10881        1.11689     0.00264824
             47        1.11463        1.11684     0.00259173
             48        1.13899         1.1173     0.00257877
             49        1.11326        1.11722     0.00252694
             50        1.12414        1.11736     0.00247975
             51        1.12801        1.11757      0.0024396
             52        1.12209        1.11765      0.0023938
             53        1.10903        1.11749     0.00235383
             54        1.09387        1.11705     0.00235088
             55        1.11386          1.117     0.00230847
             56        1.11659        1.11699     0.00226689
             57        1.15333        1.11763     0.00231622
             58        1.12313        1.11772     0.00227791
             59        1.12204        1.11779     0.00224017
             60        1.11724        1.11778     0.00220254
             61        1.09021        1.11733     0.00221278
             62        1.10306         1.1171     0.00218894
             63        1.08704        1.11663     0.00220613
             64        1.13007        1.11684     0.00218153
             65        1.12081         1.1169     0.00214858
             66        1.11017        1.11679     0.00211822
             67        1.10917        1.11668     0.00208947
             68        1.15474        1.11724     0.00213326
             69        1.11184        1.11716     0.00210357
             70        1.13364         1.1174     0.00208663
             71        1.08932          1.117      0.0020947
             72        1.14495        1.11739     0.00210157
             73        1.08026        1.11688     0.00213407
             74        1.16637        1.11755     0.00220871
             75        1.13413        1.11777     0.00219025
             76        1.06659         1.1171     0.00226373
             77        1.12626        1.11722     0.00223731
             78        1.13577        1.11745      0.0022212
             79        1.14637        1.11782     0.00222324
             80        1.09237         1.1175     0.00221821
             81        1.10861        1.11739      0.0021934
             82        1.10677        1.11726     0.00217035
             83        1.11187         1.1172     0.00214503
             84        1.09484        1.11693     0.00213598
             85        1.13355        1.11713     0.00211974
             86        1.10413        1.11698     0.00210039
             87         1.0737        1.11648     0.00213487
             88        1.10256        1.11632     0.00211639
             89        1.09063        1.11603     0.00211229
             90        1.13208        1.11621     0.00209628
             91        1.10819        1.11612     0.00207499
             92        1.12847        1.11626      0.0020567
             93         1.1175        1.11627     0.00203451
             94        1.11251        1.11623     0.00201315
             95        1.11756        1.11624     0.00199189
             96        1.16281        1.11673     0.00202985
             97        1.12876        1.11685     0.00201264
             98        1.13925        1.11708     0.00200506
             99         1.1279        1.11719     0.00198771
            100        1.10133        1.11703     0.00197411
