              1       -3.74271       -3.74271              0
              2       -3.77628       -3.75949      0.0167814
              3       -3.77669       -3.76522      0.0112565
              4       -3.77751        -3.7683     0.00853178
              5       -3.77627       -3.76989     0.00679847
              6       -3.77564       -3.77085     0.00563292
              7       -3.77597       -3.77158     0.00481665
              8       -3.77441       -3.77193     0.00418631
              9       -3.77805       -3.77261     0.00375391
             10       -3.77554       -3.77291     0.00337029
             11       -3.77748       -3.77332     0.00307678
             12       -3.77898       -3.77379     0.00284803
             13       -3.77643         -3.774     0.00262765
             14       -3.77621       -3.77415     0.00243789
             15       -3.77716       -3.77435     0.00227835
             16       -3.77912       -3.77465     0.00215194
             17       -3.77669       -3.77477     0.00202493
             18       -3.77603       -3.77484     0.00191041
             19       -3.77795       -3.77501     0.00181444
             20       -3.77845       -3.77518     0.00172992
             21       -3.77642       -3.77524     0.00164654
             22       -3.77558       -3.77525     0.00156999
             23       -3.77899       -3.77542     0.00150895
             24       -3.77648       -3.77546     0.00144539
             25       -3.77812       -3.77557     0.00139043
             26       -3.77564       -3.77557     0.00133589
             27       -3.77783       -3.77565     0.00128819
             28       -3.77789       -3.77573     0.00124391
             29       -3.77708       -3.77578     0.00120115
             30       -3.77785       -3.77585     0.00116246
             31       -3.77652       -3.77587     0.00112455
             32       -3.77639       -3.77589     0.00108896
             33       -3.77815       -3.77595     0.00105767
             34         -3.777       -3.77599     0.00102655
             35       -3.77824       -3.77605    0.000998872
             36       -3.77606       -3.77605    0.000970729
             37       -3.77621       -3.77605    0.000944139
             38       -3.77727       -3.77609     0.00091951
             39       -3.77524       -3.77606    0.000895885
             40       -3.77724       -3.77609    0.000873697
             41       -3.77727       -3.77612    0.000852603
             42        -3.7772       -3.77615    0.000832449
             43       -3.77558       -3.77614    0.000812965
             44       -3.77508       -3.77611    0.000794638
             45        -3.7788       -3.77617    0.000779068
             46        -3.7776        -3.7762    0.000762578
             47       -3.77694       -3.77622    0.000746341
             48       -3.77715       -3.77624    0.000730886
             49       -3.77647       -3.77624     0.00071583
             50       -3.77644       -3.77625    0.000701378
             51       -3.77633       -3.77625     0.00068749
             52       -3.77508       -3.77623    0.000674511
             53       -3.77588       -3.77622    0.000661694
             54       -3.77657       -3.77622    0.000649356
             55       -3.77696       -3.77624     0.00063758
             56       -3.77607       -3.77624    0.000626099
             57       -3.77538       -3.77622      0.0006152
             58        -3.7751        -3.7762     0.00060481
             59       -3.77521       -3.77618    0.000594706
             60       -3.77774       -3.77621    0.000585285
             61        -3.7765       -3.77621    0.000575629
             62       -3.77638       -3.77622    0.000566275
             63       -3.77662       -3.77622     0.00055725
             64       -3.77683       -3.77623    0.000548555
             65       -3.77844       -3.77627     0.00054112
             66       -3.77617       -3.77627    0.000532861
             67       -3.77556       -3.77626    0.000524952
             68       -3.77734       -3.77627    0.000517421
             69       -3.77715       -3.77628    0.000510026
             70       -3.77645       -3.77629    0.000502692
             71       -3.77749        -3.7763    0.000495851
             72       -3.77769       -3.77632    0.000489293
             73       -3.77709       -3.77633    0.000482659
             74       -3.77648       -3.77633    0.000476096
             75       -3.77712       -3.77635    0.000469821
             76       -3.77699       -3.77635    0.000463676
             77       -3.77642       -3.77635    0.000457616
             78       -3.77678       -3.77636    0.000451744
             79       -3.77922        -3.7764    0.000447458
             80        -3.7766        -3.7764    0.000441837
             81        -3.7765        -3.7764     0.00043635
             82        -3.7756       -3.77639    0.000431107
             83       -3.77635       -3.77639    0.000425881
             84       -3.77723        -3.7764    0.000420899
             85       -3.77856       -3.77643    0.000416696
             86        -3.7764       -3.77642    0.000411822
             87       -3.77648       -3.77643    0.000407062
             88       -3.77614       -3.77642    0.000402423
             89       -3.77663       -3.77642    0.000397882
             90       -3.77741       -3.77644    0.000393588
             91        -3.7769       -3.77644    0.000389272
             92        -3.7753       -3.77643    0.000385217
             93       -3.77699       -3.77643    0.000381101
             94       -3.77624       -3.77643     0.00037703
             95       -3.77583       -3.77643    0.000373095
             96       -3.77642       -3.77643    0.000369188
             97       -3.77891       -3.77645    0.000366257
             98       -3.77713       -3.77646    0.000362566
             99       -3.77733       -3.77647    0.000358992
            100       -3.77828       -3.77649    0.000355846
