              1        1.43677        1.43677              0
              2        1.44971        1.44324     0.00647237
              3        1.44968        1.44539     0.00430896
              4        1.44962        1.44645     0.00322581
              5        1.44955        1.44707     0.00257487
              6        1.44957        1.44748     0.00214326
              7        1.44963        1.44779      0.0018372
              8        1.44971        1.44803     0.00160898
              9        1.44979        1.44823     0.00143232
             10        1.44982        1.44839     0.00129098
             11        1.44982        1.44852     0.00117499
             12        1.44973        1.44862     0.00107737
             13        1.44975         1.4487     0.00099487
             14        1.44982        1.44878    0.000924521
             15        1.44987        1.44886     0.00086373
             16        1.44987        1.44892    0.000810432
             17        1.44985        1.44897    0.000763226
             18        1.44985        1.44902    0.000721222
             19        1.44983        1.44907    0.000683534
             20        1.44978         1.4491    0.000649443
             21        1.44981        1.44914    0.000618666
             22        1.44981        1.44917    0.000590667
             23        1.44985         1.4492    0.000565187
             24        1.44986        1.44922    0.000541841
             25        1.44985        1.44925    0.000520319
             26        1.44979        1.44927    0.000500341
             27        1.44981        1.44929    0.000481863
             28        1.44976        1.44931    0.000464641
             29        1.44975        1.44932    0.000448596
             30        1.44976        1.44934    0.000433636
             31        1.44975        1.44935    0.000419624
             32        1.44973        1.44936    0.000406471
             33        1.44967        1.44937     0.00039407
             34        1.44964        1.44938    0.000382386
             35        1.44965        1.44939     0.00037138
             36        1.44966        1.44939    0.000360997
             37        1.44965         1.4494    0.000351174
             38        1.44959        1.44941    0.000341845
             39        1.44956        1.44941    0.000332988
             40        1.44957        1.44941     0.00032458
             41        1.44955        1.44942    0.000316583
             42        1.44965        1.44942    0.000309003
             43        1.44968        1.44943    0.000301793
             44        1.44975        1.44944    0.000294946
             45        1.44982        1.44944    0.000288443
             46        1.44976        1.44945    0.000282189
             47        1.44963        1.44946    0.000276145
             48        1.44959        1.44946    0.000270346
             49        1.44953        1.44946    0.000264775
             50        1.44949        1.44946    0.000259426
             51         1.4495        1.44946     0.00025429
             52        1.44963        1.44946    0.000249373
             53        1.44971        1.44947    0.000244668
             54        1.44973        1.44947    0.000240141
             55        1.44978        1.44948      0.0002358
             56        1.44982        1.44949     0.00023163
             57        1.44977        1.44949    0.000227586
             58        1.44976        1.44949    0.000223677
             59        1.44976         1.4495      0.0002199
             60        1.44971         1.4495    0.000216232
             61        1.44965        1.44951    0.000212671
             62        1.44969        1.44951    0.000209235
             63        1.44977        1.44951     0.00020593
             64        1.44979        1.44952    0.000202734
             65        1.44979        1.44952    0.000199635
             66         1.4498        1.44953    0.000196634
             67        1.44978        1.44953    0.000193714
             68        1.44978        1.44953    0.000190878
             69        1.44976        1.44954     0.00018812
             70         1.4497        1.44954    0.000185428
             71        1.44968        1.44954    0.000182808
             72        1.44966        1.44954    0.000180258
             73        1.44971        1.44954    0.000177786
             74        1.44974        1.44955    0.000175386
             75        1.44979        1.44955    0.000173063
             76        1.44982        1.44955    0.000170809
             77        1.44988        1.44956     0.00016863
             78        1.44987        1.44956    0.000166503
             79        1.44992        1.44957    0.000164443
             80         1.4498        1.44957    0.000162402
             81        1.44973        1.44957    0.000160397
             82        1.44975        1.44957    0.000158443
             83        1.44966        1.44957    0.000156526
             84        1.44967        1.44958    0.000154656
             85        1.44966        1.44958    0.000152829
             86        1.44966        1.44958    0.000151044
             87        1.44969        1.44958    0.000149304
             88        1.44978        1.44958    0.000147614
             89        1.44982        1.44958     0.00014597
             90        1.44985        1.44959     0.00014437
             91        1.44989        1.44959    0.000142815
             92        1.44985        1.44959    0.000141282
             93        1.44983         1.4496    0.000139777
             94        1.44976         1.4496    0.000138293
             95        1.44967         1.4496    0.000136831
             96        1.44966         1.4496      0.0001354
             97         1.4496         1.4496    0.000133997
             98         1.4496         1.4496    0.000132622
             99        1.44961         1.4496    0.000131276
            100        1.44955         1.4496    0.000129957
