              1       -5.47416       -5.47416              0
              2       -5.52209       -5.49813      0.0239622
              3         -5.525       -5.50708      0.0164819
              4       -5.52729       -5.51214      0.0127025
              5       -5.52562       -5.51483       0.010202
              6       -5.52544        -5.5166     0.00851543
              7        -5.5243        -5.5177     0.00728038
              8       -5.52315       -5.51838     0.00634165
              9        -5.5262       -5.51925     0.00565983
             10         -5.525       -5.51982     0.00509491
             11       -5.51989       -5.51983     0.00460852
             12       -5.52597       -5.52034     0.00423799
             13       -5.52499        -5.5207     0.00391471
             14       -5.52484         -5.521     0.00363634
             15       -5.52749       -5.52143     0.00341286
             16       -5.52656       -5.52175     0.00320854
             17       -5.53113        -5.5223     0.00306395
             18       -5.52804       -5.52262     0.00290625
             19       -5.52211       -5.52259     0.00274917
             20       -5.52652       -5.52279     0.00261545
             21       -5.52458       -5.52287     0.00248925
             22       -5.52367       -5.52291     0.00237369
             23       -5.52734        -5.5231     0.00227628
             24       -5.52799       -5.52331     0.00218887
             25        -5.5286       -5.52352     0.00211016
             26       -5.52456       -5.52356     0.00202777
             27       -5.52586       -5.52364     0.00195308
             28       -5.52662       -5.52375     0.00188504
             29       -5.52502       -5.52379      0.0018194
             30       -5.52531       -5.52384     0.00175844
             31       -5.52675       -5.52394     0.00170334
             32       -5.52583         -5.524     0.00165032
             33       -5.52779       -5.52411     0.00160365
             34       -5.52434       -5.52412     0.00155578
             35       -5.52259       -5.52408     0.00151131
             36       -5.52547       -5.52411     0.00146924
             37       -5.52681       -5.52419     0.00143083
             38       -5.52591       -5.52423     0.00139341
             39       -5.52802       -5.52433     0.00136068
             40       -5.52694       -5.52439     0.00132783
             41       -5.52562       -5.52442     0.00129539
             42       -5.52592       -5.52446     0.00126467
             43        -5.5262        -5.5245     0.00123557
             44       -5.52823       -5.52459     0.00121013
             45       -5.52854       -5.52467      0.0011862
             46       -5.52553       -5.52469     0.00116027
             47       -5.52606       -5.52472     0.00113569
             48       -5.52597       -5.52475     0.00111208
             49       -5.52506       -5.52475     0.00108917
             50       -5.52731        -5.5248     0.00106839
             51       -5.52402       -5.52479     0.00104735
             52       -5.52394       -5.52477     0.00102714
             53       -5.52731       -5.52482     0.00100871
             54       -5.52453       -5.52482    0.000989867
             55       -5.52593       -5.52484    0.000971916
             56       -5.52649       -5.52487    0.000954859
             57       -5.52808       -5.52492    0.000939656
             58       -5.52381        -5.5249    0.000923513
             59       -5.52753       -5.52495    0.000908814
             60       -5.52836         -5.525    0.000895351
             61       -5.52745       -5.52504    0.000881465
             62       -5.52595       -5.52506    0.000867254
             63       -5.52423       -5.52505    0.000853478
             64       -5.52397       -5.52503    0.000840203
             65       -5.52561       -5.52504    0.000827224
             66       -5.52597       -5.52505    0.000814715
             67        -5.5289       -5.52511    0.000804518
             68       -5.52531       -5.52511    0.000792604
             69       -5.52578       -5.52512    0.000781093
             70       -5.52573       -5.52513    0.000769903
             71       -5.52327        -5.5251    0.000759435
             72       -5.52523       -5.52511    0.000748815
             73        -5.5258       -5.52512    0.000738548
             74       -5.52853       -5.52516    0.000729959
             75       -5.52611       -5.52517     0.00072027
             76       -5.52552       -5.52518    0.000710744
             77        -5.5256       -5.52518    0.000701475
             78       -5.52679        -5.5252    0.000692728
             79       -5.52819       -5.52524    0.000684948
             80        -5.5276       -5.52527    0.000676973
             81       -5.52559       -5.52528    0.000668575
             82       -5.52433       -5.52526    0.000660471
             83       -5.52889       -5.52531    0.000653922
             84       -5.52908       -5.52535    0.000647648
             85       -5.52474       -5.52535    0.000640023
             86       -5.52671       -5.52536    0.000632735
             87       -5.52609       -5.52537    0.000625476
             88       -5.52102       -5.52532    0.000620303
             89       -5.52541       -5.52532    0.000613294
             90       -5.53074       -5.52538    0.000609418
             91       -5.52753       -5.52541    0.000603147
             92       -5.52197       -5.52537    0.000597721
             93         -5.525       -5.52536    0.000591273
             94       -5.52416       -5.52535    0.000585089
             95       -5.52629       -5.52536    0.000578981
             96       -5.52737       -5.52538    0.000573301
             97       -5.52605       -5.52539    0.000567401
             98       -5.52386       -5.52537    0.000561798
             99       -5.52384       -5.52536    0.000556312
            100        -5.5265       -5.52537    0.000550838
