              1        1.56287        1.56287              0
              2        1.57413         1.5685     0.00563013
              3         1.5939        1.57697     0.00906759
              4        1.59132        1.58055      0.0073472
              5        1.67308        1.59906       0.019361
              6        1.63971        1.60583      0.0171988
              7        1.59667        1.60452      0.0145945
              8        1.64762        1.60991      0.0137392
              9        1.68271          1.618      0.0145686
             10        1.71692        1.62789      0.0163597
             11        1.73142         1.6373      0.0175372
             12        1.74732        1.64647      0.0184486
             13        1.72198        1.65228      0.0179366
             14        1.75554        1.65966      0.0181703
             15        1.63525        1.65803      0.0169938
             16        1.63822        1.65679      0.0159443
             17        1.62854        1.65513       0.015069
             18        1.61702        1.65301      0.0143641
             19        1.58806        1.64959      0.0140105
             20         1.6282        1.64852      0.0133345
             21         1.5264        1.64271      0.0139532
             22        1.61929        1.64164      0.0133464
             23        1.73741        1.64581      0.0134155
             24        1.55499        1.64202      0.0133901
             25        1.57344        1.63928      0.0131331
             26        1.62361        1.63868      0.0126322
             27        1.66417        1.63962       0.012192
             28        1.66746        1.64062      0.0117905
             29        1.64838        1.64088      0.0113798
             30        1.57514        1.63869      0.0112102
             31        1.67038        1.63971      0.0108907
             32        1.59507        1.63832      0.0106367
             33        1.53335        1.63514      0.0107889
             34        1.62547        1.63485      0.0104707
             35        1.58289        1.63337      0.0102749
             36        1.69067        1.63496      0.0101115
             37        1.65795        1.63558     0.00985406
             38        1.78599        1.63954      0.0103758
             39        1.68423        1.64069       0.010171
             40        1.62375        1.64026     0.00992253
             41        1.62864        1.63998     0.00968165
             42         1.6199         1.6395     0.00946041
             43         1.6253        1.63917     0.00924368
             44         1.6459        1.63932     0.00903245
             45        1.68197        1.64027     0.00888015
             46        1.66927         1.6409     0.00870782
             47         1.7051        1.64227     0.00862934
             48        1.68025        1.64306     0.00848463
             49        1.70804        1.64439     0.00841481
             50        1.70466        1.64559     0.00833247
             51        1.54134        1.64355     0.00841935
             52        1.69629        1.64456     0.00831793
             53        1.68485        1.64532      0.0081948
             54        1.72054        1.64671     0.00816136
             55        1.84429        1.65031     0.00878011
             56        1.75263        1.65213      0.0088134
             57        1.67154        1.65247     0.00866408
             58        1.66582         1.6527      0.0085165
             59        1.59766        1.65177     0.00842273
             60        1.61567        1.65117     0.00830299
             61        1.61458        1.65057     0.00818775
             62        1.62312        1.65013     0.00806676
             63        1.63038        1.64981     0.00794387
             64        1.59998        1.64903     0.00785744
             65        1.61481        1.64851     0.00775351
             66        1.63625        1.64832     0.00763739
             67        1.63687        1.64815     0.00752448
             68        1.60316        1.64749     0.00744247
             69        1.55359        1.64613       0.007459
             70        1.59989        1.64547     0.00738129
             71        1.62818        1.64522     0.00728066
             72        1.53496        1.64369     0.00734034
             73         1.6011        1.64311     0.00726257
             74        1.61481        1.64273     0.00717395
             75        1.63389        1.64261     0.00707864
             76        1.74807          1.644     0.00712139
             77         1.6155        1.64363     0.00703804
             78        1.61046         1.6432     0.00696022
             79        1.64628        1.64324     0.00687166
             80        1.63794        1.64317     0.00678555
             81        1.63274        1.64305     0.00670249
             82        1.54598        1.64186     0.00672524
             83        1.59347        1.64128     0.00666926
             84        1.66714        1.64159     0.00659657
             85        1.52895        1.64026     0.00665183
             86        1.66671        1.64057     0.00658122
             87        1.63818        1.64054     0.00650519
             88        1.62145        1.64032      0.0064345
             89        1.58836        1.63974     0.00638853
             90        1.68142         1.6402      0.0063341
             91        1.69962        1.64086     0.00629805
             92        1.69331        1.64143     0.00625525
             93        1.59115        1.64089      0.0062112
             94        1.52996        1.63971     0.00625706
             95        1.65887        1.63991     0.00619413
             96         1.6765        1.64029      0.0061411
             97        1.68196        1.64072     0.00609263
             98         1.7632        1.64197     0.00615829
             99        1.68227        1.64238     0.00610935
            100        1.62105        1.64216      0.0060517
