              1       -5.80847       -5.80847              0
              2       -5.88909       -5.84878      0.0403099
              3       -5.87629       -5.85795      0.0250146
              4       -5.89235       -5.86655      0.0196682
              5        -5.8662       -5.86648      0.0152351
              6        -5.8708        -5.8672      0.0124601
              7       -5.88849       -5.87024      0.0109612
              8       -5.89771       -5.87367      0.0100945
              9        -5.8589       -5.87203     0.00905269
             10       -5.88214       -5.87304     0.00815985
             11       -5.88266       -5.87392     0.00743241
             12       -5.86345       -5.87304     0.00684069
             13       -5.88923       -5.87429     0.00641446
             14       -5.88989        -5.8754     0.00604229
             15       -5.88733        -5.8762       0.005681
             16       -5.86135       -5.87527     0.00539451
             17       -5.89225       -5.87627     0.00516476
             18       -5.86532       -5.87566     0.00490723
             19       -5.89327       -5.87659     0.00473339
             20       -5.86823       -5.87617     0.00450989
             21       -5.89366         -5.877     0.00436989
             22       -5.84968       -5.87576     0.00434767
             23        -5.8721        -5.8756      0.0041574
             24       -5.86751       -5.87527     0.00399465
             25       -5.86598       -5.87489     0.00384951
             26         -5.914        -5.8764      0.0039926
             27       -5.88104       -5.87657     0.00384573
             28       -5.87749        -5.8766     0.00370598
             29       -5.87035       -5.87639      0.0035824
             30       -5.87476       -5.87633     0.00346135
             31       -5.88583       -5.87664     0.00336181
             32       -5.85735       -5.87604      0.0033104
             33       -5.85755       -5.87548     0.00325707
             34       -5.89837       -5.87615     0.00323077
             35       -5.86377        -5.8758     0.00315697
             36       -5.89336       -5.87628     0.00310658
             37       -5.87717       -5.87631     0.00302154
             38       -5.88731        -5.8766     0.00295518
             39       -5.86573       -5.87632     0.00289185
             40       -5.87765       -5.87635     0.00281883
             41       -5.88397       -5.87654     0.00275549
             42       -5.85851       -5.87611     0.00272313
             43       -5.89343       -5.87651     0.00268939
             44       -5.87151        -5.8764     0.00263002
             45       -5.88069       -5.87649     0.00257268
             46       -5.85323       -5.87599     0.00256645
             47        -5.9148       -5.87681     0.00264354
             48       -5.86472       -5.87656     0.00260012
             49       -5.87902       -5.87661     0.00254699
             50       -5.89265       -5.87693     0.00251606
             51       -5.89129       -5.87721     0.00248225
             52       -5.88156        -5.8773     0.00243548
             53       -5.88654       -5.87747     0.00239543
             54       -5.87502       -5.87743     0.00235109
             55        -5.8604       -5.87712     0.00232862
             56       -5.87699       -5.87711     0.00228666
             57       -5.86961       -5.87698     0.00225004
             58       -5.90607       -5.87748     0.00226709
             59       -5.86679        -5.8773     0.00223569
             60       -5.87387       -5.87725     0.00219886
             61       -5.86507       -5.87705      0.0021717
             62       -5.87026       -5.87694     0.00213919
             63       -5.87914       -5.87697     0.00210525
             64       -5.91463       -5.87756       0.002154
             65       -5.85529       -5.87722     0.00214809
             66       -5.89757       -5.87753     0.00213766
             67       -5.86301       -5.87731     0.00211663
             68        -5.9013       -5.87766      0.0021149
             69       -5.88739        -5.8778     0.00208878
             70       -5.85213       -5.87744     0.00209113
             71       -5.90011       -5.87776     0.00208605
             72       -5.87422       -5.87771     0.00205746
             73       -5.88489        -5.8778     0.00203146
             74       -5.89165       -5.87799     0.00201254
             75       -5.86356        -5.8778     0.00199483
             76        -5.9196       -5.87835      0.0020438
             77       -5.85595       -5.87806     0.00203795
             78       -5.87415       -5.87801     0.00201227
             79         -5.877         -5.878     0.00198668
             80       -5.86349       -5.87781     0.00197005
             81       -5.87933       -5.87783     0.00194567
             82       -5.88646       -5.87794     0.00192467
             83       -5.87127       -5.87786     0.00190303
             84       -5.91162       -5.87826     0.00192271
             85       -5.89113       -5.87841     0.00190598
             86       -5.86662       -5.87827     0.00188866
             87       -5.86734       -5.87815     0.00187106
             88       -5.90424       -5.87844     0.00187329
             89       -5.86978       -5.87835     0.00185468
             90        -5.8863       -5.87844     0.00183608
             91       -5.87075       -5.87835     0.00181775
             92       -5.86771       -5.87824      0.0018016
             93       -5.90453       -5.87852     0.00180441
             94       -5.86856       -5.87841     0.00178825
             95       -5.88121       -5.87844     0.00176957
             96       -5.85291       -5.87818     0.00177113
             97       -5.88153       -5.87821     0.00175312
             98       -5.87375       -5.87817     0.00173573
             99        -5.8651       -5.87803     0.00172317
            100       -5.87334       -5.87799      0.0017065
