              1       -6.60463       -6.60463              0
              2       -6.64527       -6.62495      0.0203198
              3        -6.6572        -6.6357      0.0159129
              4        -6.6589        -6.6415      0.0126589
              5       -6.64776       -6.64275      0.0098851
              6       -6.66792       -6.64695     0.00909627
              7       -6.65565       -6.64819     0.00778769
              8        -6.6505       -6.64848     0.00675052
              9        -6.6715       -6.65104     0.00647967
             10       -6.65517       -6.65145     0.00581032
             11       -6.65359       -6.65165     0.00525924
             12       -6.66188        -6.6525     0.00487622
             13       -6.65169       -6.65244     0.00448591
             14       -6.67543       -6.65408     0.00446604
             15       -6.65324       -6.65402     0.00415804
             16       -6.65239       -6.65392     0.00389083
             17       -6.65286       -6.65386     0.00365533
             18       -6.65725       -6.65405     0.00345143
             19       -6.66973       -6.65487      0.0033674
             20       -6.65083       -6.65467     0.00320097
             21       -6.66448       -6.65514     0.00308035
             22       -6.64621       -6.65473     0.00296489
             23       -6.65072       -6.65456     0.00283841
             24       -6.65218       -6.65446     0.00271938
             25       -6.65966       -6.65467     0.00261662
             26       -6.65377       -6.65463      0.0025142
             27       -6.65068       -6.65449     0.00242371
             28       -6.66879         -6.655     0.00239077
             29       -6.65462       -6.65498     0.00230689
             30       -6.66131       -6.65519     0.00223861
             31       -6.65878       -6.65531     0.00216829
             32       -6.65401       -6.65527     0.00209983
             33       -6.65817       -6.65536     0.00203709
             34       -6.67005       -6.65579     0.00202297
             35       -6.65878       -6.65587     0.00196618
             36       -6.65731       -6.65591      0.0019112
             37        -6.6544       -6.65587     0.00185928
             38       -6.65901       -6.65596     0.00181157
             39       -6.65266       -6.65587     0.00176654
             40       -6.65016       -6.65573     0.00172773
             41       -6.66278        -6.6559     0.00169381
             42       -6.64566       -6.65566     0.00167089
             43       -6.65441       -6.65563     0.00163183
             44       -6.64739       -6.65544     0.00160527
             45       -6.66584       -6.65567     0.00158612
             46       -6.66076       -6.65578      0.0015552
             47       -6.65369       -6.65574      0.0015224
             48       -6.65701       -6.65576     0.00149059
             49       -6.66152       -6.65588     0.00146457
             50       -6.65629       -6.65589       0.001435
             51       -6.65861       -6.65594     0.00140759
             52       -6.65265       -6.65588     0.00138171
             53       -6.66559       -6.65606      0.0013677
             54       -6.65282         -6.656     0.00134348
             55       -6.66604       -6.65619     0.00133138
             56       -6.64858       -6.65605     0.00131442
             57       -6.65158       -6.65597     0.00129353
             58       -6.66034       -6.65605     0.00127326
             59       -6.67143       -6.65631     0.00127836
             60       -6.63252       -6.65591     0.00131791
             61       -6.66451       -6.65605     0.00130376
             62       -6.64539       -6.65588     0.00129404
             63       -6.65918       -6.65593     0.00127441
             64       -6.64726        -6.6558     0.00126164
             65        -6.6545       -6.65578     0.00124224
             66       -6.65668       -6.65579     0.00122335
             67       -6.66458       -6.65592     0.00121208
             68       -6.64227       -6.65572     0.00121088
             69       -6.66081       -6.65579     0.00119548
             70       -6.65655       -6.65581     0.00117833
             71       -6.64956       -6.65572     0.00116494
             72       -6.66079       -6.65579     0.00115081
             73        -6.6636        -6.6559     0.00113997
             74       -6.66137       -6.65597     0.00112689
             75        -6.6573       -6.65599      0.0011119
             76       -6.65681         -6.656     0.00109723
             77       -6.64996       -6.65592     0.00108572
             78       -6.66397       -6.65602     0.00107667
             79       -6.64298       -6.65586     0.00107571
             80       -6.66355       -6.65595     0.00106652
             81       -6.65703       -6.65597     0.00105335
             82        -6.6575       -6.65599      0.0010406
             83       -6.66219       -6.65606      0.0010307
             84        -6.6448       -6.65593     0.00102714
             85       -6.66941       -6.65608      0.0010273
             86       -6.64856         -6.656     0.00101905
             87       -6.66224       -6.65607     0.00100983
             88       -6.65162       -6.65602    0.000999568
             89       -6.65759       -6.65604    0.000988431
             90       -6.65587       -6.65603    0.000977389
             91       -6.64731       -6.65594    0.000971336
             92       -6.65575       -6.65594    0.000960723
             93       -6.65694       -6.65595    0.000950397
             94       -6.66075         -6.656    0.000941619
             95       -6.65384       -6.65598    0.000931932
             96       -6.66853       -6.65611    0.000931404
             97       -6.65359       -6.65608    0.000922117
             98       -6.65518       -6.65607    0.000912705
             99       -6.65881        -6.6561    0.000903861
            100       -6.64833       -6.65602    0.000898147
